info: ::1 - - [21/Nov/2022:07:02:30 +0000] "POST /api/v1/users/forgotpwd HTTP/1.1" 500 67 "-" "PostmanRuntime/7.29.2"

info: ::1 - - [21/Nov/2022:07:05:25 +0000] "POST /api/v1/users/forgotpwd HTTP/1.1" 202 230 "-" "PostmanRuntime/7.29.2"

info: ::1 - - [21/Nov/2022:07:05:52 +0000] "POST /api/v1/users/forgotpwd HTTP/1.1" 500 48 "-" "PostmanRuntime/7.29.2"

info: ::1 - - [21/Nov/2022:07:30:49 +0000] "POST /api/v1/users/forgotpwd HTTP/1.1" 202 230 "-" "PostmanRuntime/7.29.2"

info: ::1 - - [21/Nov/2022:07:52:14 +0000] "POST /api/v1/users/forgotpwd HTTP/1.1" 202 230 "-" "PostmanRuntime/7.29.2"

info: ::1 - - [21/Nov/2022:07:53:28 +0000] "PUT /api/v1/users/resetpwd HTTP/1.1" 202 54 "-" "PostmanRuntime/7.29.2"

info: ::1 - - [21/Nov/2022:07:54:28 +0000] "POST /api/v1/users/login HTTP/1.1" 500 51 "-" "PostmanRuntime/7.29.2"

info: ::1 - - [21/Nov/2022:07:55:21 +0000] "POST /api/v1/users/login HTTP/1.1" 202 230 "-" "PostmanRuntime/7.29.2"

info: ::1 - - [21/Nov/2022:07:56:26 +0000] "POST /api/v1/users/forgotpwd HTTP/1.1" 202 230 "-" "PostmanRuntime/7.29.2"

info: ::1 - - [21/Nov/2022:07:57:24 +0000] "PUT /api/v1/users/forgotpwd HTTP/1.1" 404 47 "-" "PostmanRuntime/7.29.2"

info: ::1 - - [21/Nov/2022:07:57:34 +0000] "PUT /api/v1/users/resetpwd HTTP/1.1" 202 54 "-" "PostmanRuntime/7.29.2"

info: ::1 - - [21/Nov/2022:08:00:12 +0000] "PUT /api/v1/users/resetpwd HTTP/1.1" 202 54 "-" "PostmanRuntime/7.29.2"

info: ::1 - - [21/Nov/2022:08:01:19 +0000] "PUT /api/v1/users/resetpwd HTTP/1.1" 202 54 "-" "PostmanRuntime/7.29.2"

info: ::1 - - [21/Nov/2022:08:05:35 +0000] "PUT /api/v1/users/resetpwd HTTP/1.1" 202 54 "-" "PostmanRuntime/7.29.2"

info: ::1 - - [21/Nov/2022:08:10:38 +0000] "PUT /api/v1/users/resetpwd HTTP/1.1" 202 54 "-" "PostmanRuntime/7.29.2"

info: ::1 - - [21/Nov/2022:08:12:05 +0000] "PUT /api/v1/users/resetpwd HTTP/1.1" 202 54 "-" "PostmanRuntime/7.29.2"

info: ::1 - - [21/Nov/2022:08:13:56 +0000] "PUT /api/v1/users/resetpwd HTTP/1.1" 500 61 "-" "PostmanRuntime/7.29.2"

info: ::1 - - [21/Nov/2022:08:14:28 +0000] "PUT /api/v1/users/resetpwd HTTP/1.1" 202 54 "-" "PostmanRuntime/7.29.2"

info: ::1 - - [21/Nov/2022:08:17:52 +0000] "PUT /api/v1/users/resetpwd HTTP/1.1" 202 54 "-" "PostmanRuntime/7.29.2"

info: ::1 - - [21/Nov/2022:08:20:34 +0000] "PUT /api/v1/users/resetpwd HTTP/1.1" 202 54 "-" "PostmanRuntime/7.29.2"

info: ::1 - - [21/Nov/2022:08:20:47 +0000] "PUT /api/v1/users/resetpwd HTTP/1.1" 202 312 "-" "PostmanRuntime/7.29.2"

info: ::1 - - [21/Nov/2022:08:28:47 +0000] "PUT /api/v1/users/resetpwd HTTP/1.1" 202 312 "-" "PostmanRuntime/7.29.2"

info: ::1 - - [21/Nov/2022:09:15:07 +0000] "POST /api/v1/users/forgotpwd HTTP/1.1" 202 248 "-" "PostmanRuntime/7.29.2"

info: ::1 - - [21/Nov/2022:09:18:44 +0000] "POST /api/v1/users/forgotpwd HTTP/1.1" 202 248 "-" "PostmanRuntime/7.29.2"

info: ::1 - - [21/Nov/2022:09:21:31 +0000] "POST /api/v1/users/register HTTP/1.1" 500 60 "-" "PostmanRuntime/7.29.2"

info: ::1 - - [21/Nov/2022:09:22:59 +0000] "POST /api/v1/users/register HTTP/1.1" 500 89 "-" "PostmanRuntime/7.29.2"

info: ::1 - - [21/Nov/2022:09:23:15 +0000] "POST /api/v1/users/register HTTP/1.1" 201 324 "-" "PostmanRuntime/7.29.2"

info: ::1 - - [21/Nov/2022:09:23:45 +0000] "POST /api/v1/users/login HTTP/1.1" 202 232 "-" "PostmanRuntime/7.29.2"

info: ::1 - - [21/Nov/2022:09:24:18 +0000] "POST /api/v1/users/forgotpwd HTTP/1.1" 202 250 "-" "PostmanRuntime/7.29.2"

info: ::1 - - [21/Nov/2022:09:25:37 +0000] "POST /api/v1/users/forgotpwd HTTP/1.1" 202 250 "-" "PostmanRuntime/7.29.2"

info: ::1 - - [21/Nov/2022:09:27:12 +0000] "PUT /api/v1/users/resetpwd HTTP/1.1" 202 328 "-" "PostmanRuntime/7.29.2"

info: ::1 - - [21/Nov/2022:11:44:54 +0000] "POST /api/v1/users/forgotpwd HTTP/1.1" 202 250 "-" "PostmanRuntime/7.29.2"

info: ::1 - - [21/Nov/2022:11:50:06 +0000] "POST /api/v1/users/forgotpwd HTTP/1.1" 202 250 "-" "PostmanRuntime/7.29.2"

info: ::1 - - [21/Nov/2022:13:00:56 +0000] "GET /api/v1/notes/ HTTP/1.1" 202 519 "-" "PostmanRuntime/7.29.2"

info: ::1 - - [21/Nov/2022:13:02:06 +0000] "POST /api/v1/users/login HTTP/1.1" 202 232 "-" "PostmanRuntime/7.29.2"

info: ::1 - - [21/Nov/2022:13:02:27 +0000] "GET /api/v1/notes/ HTTP/1.1" 500 72 "-" "PostmanRuntime/7.29.2"

info: ::1 - - [21/Nov/2022:13:06:40 +0000] "POST /api/v1/users/forgotpwd HTTP/1.1" 202 250 "-" "PostmanRuntime/7.29.2"

