info: ::1 - - [11/Nov/2022:04:35:36 +0000] "POST /api/v1/users/ HTTP/1.1" 201 198 "-" "PostmanRuntime/7.29.2"

info: ::1 - - [11/Nov/2022:04:38:26 +0000] "POST /api/v1/users/ HTTP/1.1" 201 198 "-" "PostmanRuntime/7.29.2"

info: ::1 - - [11/Nov/2022:05:11:04 +0000] "POST /api/v1/users/register HTTP/1.1" 500 89 "-" "PostmanRuntime/7.29.2"

info: ::1 - - [11/Nov/2022:05:11:54 +0000] "POST /api/v1/users/register HTTP/1.1" 201 270 "-" "PostmanRuntime/7.29.2"

info: ::1 - - [11/Nov/2022:05:13:44 +0000] "POST /api/v1/users/register HTTP/1.1" 201 270 "-" "PostmanRuntime/7.29.2"

info: ::1 - - [11/Nov/2022:05:13:51 +0000] "POST /api/v1/users/register HTTP/1.1" 201 270 "-" "PostmanRuntime/7.29.2"

info: ::1 - - [11/Nov/2022:05:15:33 +0000] "POST /api/v1/users/register HTTP/1.1" 201 270 "-" "PostmanRuntime/7.29.2"

info: ::1 - - [11/Nov/2022:05:15:37 +0000] "POST /api/v1/users/register HTTP/1.1" 201 270 "-" "PostmanRuntime/7.29.2"

info: ::1 - - [11/Nov/2022:05:17:54 +0000] "POST /api/v1/users/register HTTP/1.1" 201 270 "-" "PostmanRuntime/7.29.2"

info: ::1 - - [11/Nov/2022:05:17:59 +0000] "POST /api/v1/users/register HTTP/1.1" 500 61 "-" "PostmanRuntime/7.29.2"

info: ::1 - - [11/Nov/2022:05:18:23 +0000] "POST /api/v1/users/register HTTP/1.1" 201 270 "-" "PostmanRuntime/7.29.2"

info: ::1 - - [11/Nov/2022:05:23:29 +0000] "GET /api/v1/users/sunilku007@gmail.com HTTP/1.1" 500 112 "-" "PostmanRuntime/7.29.2"

info: ::1 - - [11/Nov/2022:05:24:54 +0000] "GET /api/v1/users/sunilku007@gmail.com HTTP/1.1" 500 112 "-" "PostmanRuntime/7.29.2"

info: ::1 - - [11/Nov/2022:05:25:52 +0000] "GET /api/v1/users/sunilah007@gmail.com HTTP/1.1" 500 112 "-" "PostmanRuntime/7.29.2"

info: ::1 - - [11/Nov/2022:05:26:58 +0000] "GET /api/v1/users/ HTTP/1.1" 200 490 "-" "PostmanRuntime/7.29.2"

info: ::1 - - [11/Nov/2022:05:30:27 +0000] "GET /api/v1/users/sunilku007@gmail.com HTTP/1.1" 200 270 "-" "PostmanRuntime/7.29.2"

info: ::1 - - [11/Nov/2022:05:30:41 +0000] "GET /api/v1/users/sunilah007@gmail.com HTTP/1.1" 200 270 "-" "PostmanRuntime/7.29.2"

info: ::1 - - [11/Nov/2022:14:32:36 +0000] "POST /api/v1/users/login HTTP/1.1" 200 62 "-" "PostmanRuntime/7.29.2"

info: ::1 - - [11/Nov/2022:14:33:20 +0000] "GET /api/v1/users/ HTTP/1.1" 200 490 "-" "PostmanRuntime/7.29.2"

info: ::1 - - [11/Nov/2022:14:36:22 +0000] "POST /api/v1/users/login HTTP/1.1" 200 62 "-" "PostmanRuntime/7.29.2"

info: ::1 - - [11/Nov/2022:14:37:20 +0000] "POST /api/v1/users/login HTTP/1.1" 200 62 "-" "PostmanRuntime/7.29.2"

info: ::1 - - [11/Nov/2022:14:49:44 +0000] "POST /api/v1/users/login HTTP/1.1" 200 60 "-" "PostmanRuntime/7.29.2"

info: ::1 - - [11/Nov/2022:14:49:55 +0000] "POST /api/v1/users/login HTTP/1.1" 200 60 "-" "PostmanRuntime/7.29.2"

info: ::1 - - [11/Nov/2022:14:52:43 +0000] "POST /api/v1/users/login HTTP/1.1" 200 62 "-" "PostmanRuntime/7.29.2"

info: ::1 - - [11/Nov/2022:14:52:49 +0000] "POST /api/v1/users/login HTTP/1.1" 200 62 "-" "PostmanRuntime/7.29.2"

info: ::1 - - [11/Nov/2022:15:16:54 +0000] "GET /api/v1/users/login HTTP/1.1" 200 62 "-" "PostmanRuntime/7.29.2"

info: ::1 - - [11/Nov/2022:15:17:34 +0000] "GET /api/v1/users/sunilah007@gmail.com HTTP/1.1" 200 270 "-" "PostmanRuntime/7.29.2"

info: ::1 - - [11/Nov/2022:15:19:02 +0000] "GET /api/v1/users/?=sunilah007@gmail.com HTTP/1.1" 200 490 "-" "PostmanRuntime/7.29.2"

info: ::1 - - [11/Nov/2022:15:20:24 +0000] "POST /api/v1/users/login?=sunilah007@gmail.com HTTP/1.1" 200 62 "-" "PostmanRuntime/7.29.2"

info: ::1 - - [11/Nov/2022:15:21:10 +0000] "POST /api/v1/users/login?=sunila07@gmail.com HTTP/1.1" 200 62 "-" "PostmanRuntime/7.29.2"

info: ::1 - - [11/Nov/2022:15:24:52 +0000] "POST /api/v1/users/login?=sunilah007@gmail.com HTTP/1.1" 200 62 "-" "PostmanRuntime/7.29.2"

info: ::1 - - [11/Nov/2022:15:41:03 +0000] "POST /api/v1/users/login?=sunilah007@gmail.com HTTP/1.1" 200 270 "-" "PostmanRuntime/7.29.2"

info: ::1 - - [11/Nov/2022:16:44:46 +0000] "POST /api/v1/users/login?=sunilah007@gmail.com HTTP/1.1" 200 62 "-" "PostmanRuntime/7.29.2"

info: ::1 - - [11/Nov/2022:16:53:25 +0000] "POST /api/v1/users/login HTTP/1.1" 200 270 "-" "PostmanRuntime/7.29.2"

info: ::1 - - [11/Nov/2022:16:53:40 +0000] "POST /api/v1/users/login HTTP/1.1" 200 270 "-" "PostmanRuntime/7.29.2"

info: ::1 - - [11/Nov/2022:16:54:16 +0000] "POST /api/v1/users/login?=sunilku007@gmail.com HTTP/1.1" 200 270 "-" "PostmanRuntime/7.29.2"

info: ::1 - - [11/Nov/2022:16:54:34 +0000] "POST /api/v1/users/login?=sunil007@gmail.com HTTP/1.1" 200 270 "-" "PostmanRuntime/7.29.2"

info: ::1 - - [11/Nov/2022:16:56:05 +0000] "POST /api/v1/users/login?=sunilah007@gmail.com HTTP/1.1" 200 485 "-" "PostmanRuntime/7.29.2"

info: ::1 - - [11/Nov/2022:16:56:40 +0000] "POST /api/v1/users/login?=sunilku007@gmail.com HTTP/1.1" 200 485 "-" "PostmanRuntime/7.29.2"

info: ::1 - - [11/Nov/2022:16:57:40 +0000] "POST /api/v1/users/login?=sunilku007@gmail.co HTTP/1.1" 200 485 "-" "PostmanRuntime/7.29.2"

info: ::1 - - [11/Nov/2022:17:04:42 +0000] "POST /api/v1/users/register HTTP/1.1" 201 270 "-" "PostmanRuntime/7.29.2"

info: ::1 - - [11/Nov/2022:17:05:13 +0000] "POST /api/v1/users/register HTTP/1.1" 500 89 "-" "PostmanRuntime/7.29.2"

info: ::1 - - [11/Nov/2022:17:05:32 +0000] "POST /api/v1/users/register HTTP/1.1" 201 269 "-" "PostmanRuntime/7.29.2"

info: ::1 - - [11/Nov/2022:17:06:41 +0000] "POST /api/v1/users/register HTTP/1.1" 201 269 "-" "PostmanRuntime/7.29.2"

info: ::1 - - [11/Nov/2022:17:07:12 +0000] "POST /api/v1/users/login HTTP/1.1" 200 696 "-" "PostmanRuntime/7.29.2"

info: ::1 - - [11/Nov/2022:17:08:12 +0000] "POST /api/v1/users/login HTTP/1.1" 200 696 "-" "PostmanRuntime/7.29.2"

info: ::1 - - [11/Nov/2022:17:08:29 +0000] "GET /api/v1/users/ HTTP/1.1" 200 701 "-" "PostmanRuntime/7.29.2"

info: ::1 - - [11/Nov/2022:17:08:59 +0000] "POST /api/v1/users/login?=sunilah007@gmail.com HTTP/1.1" 200 696 "-" "PostmanRuntime/7.29.2"

info: ::1 - - [11/Nov/2022:17:11:03 +0000] "POST /api/v1/users/register HTTP/1.1" 201 270 "-" "PostmanRuntime/7.29.2"

info: ::1 - - [11/Nov/2022:17:11:15 +0000] "POST /api/v1/users/register HTTP/1.1" 201 270 "-" "PostmanRuntime/7.29.2"

info: ::1 - - [11/Nov/2022:17:17:45 +0000] "POST /api/v1/users/register HTTP/1.1" 201 270 "-" "PostmanRuntime/7.29.2"

info: ::1 - - [11/Nov/2022:17:18:01 +0000] "POST /api/v1/users/register HTTP/1.1" 201 270 "-" "PostmanRuntime/7.29.2"

info: ::1 - - [11/Nov/2022:17:18:36 +0000] "POST /api/v1/users/register HTTP/1.1" 201 270 "-" "PostmanRuntime/7.29.2"

info: ::1 - - [11/Nov/2022:17:19:06 +0000] "POST /api/v1/users/login HTTP/1.1" 200 60 "-" "PostmanRuntime/7.29.2"

info: ::1 - - [11/Nov/2022:17:19:39 +0000] "POST /api/v1/users/login HTTP/1.1" 200 60 "-" "PostmanRuntime/7.29.2"

info: ::1 - - [11/Nov/2022:17:37:58 +0000] "GET /api/v1/users/ HTTP/1.1" 200 703 "-" "PostmanRuntime/7.29.2"

info: ::1 - - [11/Nov/2022:17:42:29 +0000] "POST /api/v1/users/registration HTTP/1.1" 404 47 "-" "PostmanRuntime/7.29.2"

info: ::1 - - [11/Nov/2022:17:42:41 +0000] "POST /api/v1/users/register HTTP/1.1" 201 270 "-" "PostmanRuntime/7.29.2"

info: ::1 - - [11/Nov/2022:17:42:49 +0000] "POST /api/v1/users/register HTTP/1.1" 500 61 "-" "PostmanRuntime/7.29.2"

info: ::1 - - [11/Nov/2022:17:52:56 +0000] "GET /api/v1/users/ HTTP/1.1" 200 277 "-" "PostmanRuntime/7.29.2"

info: ::1 - - [11/Nov/2022:17:53:18 +0000] "GET /api/v1/users/sunilku007@gmail.com HTTP/1.1" 404 47 "-" "PostmanRuntime/7.29.2"

info: ::1 - - [11/Nov/2022:18:07:13 +0000] "POST /api/v1/users/login HTTP/1.1" 200 69 "-" "PostmanRuntime/7.29.2"

info: ::1 - - [11/Nov/2022:18:07:26 +0000] "POST /api/v1/users/login HTTP/1.1" 200 69 "-" "PostmanRuntime/7.29.2"

info: ::1 - - [11/Nov/2022:18:09:35 +0000] "POST /api/v1/users/login HTTP/1.1" 200 50 "-" "PostmanRuntime/7.29.2"

info: ::1 - - [11/Nov/2022:18:09:45 +0000] "POST /api/v1/users/login HTTP/1.1" 200 50 "-" "PostmanRuntime/7.29.2"

info: ::1 - - [11/Nov/2022:18:10:19 +0000] "POST /api/v1/users/login HTTP/1.1" 200 62 "-" "PostmanRuntime/7.29.2"

info: ::1 - - [11/Nov/2022:18:10:28 +0000] "POST /api/v1/users/login HTTP/1.1" 200 62 "-" "PostmanRuntime/7.29.2"

info: ::1 - - [11/Nov/2022:18:11:15 +0000] "POST /api/v1/users/login HTTP/1.1" 200 50 "-" "PostmanRuntime/7.29.2"

info: ::1 - - [11/Nov/2022:18:11:26 +0000] "POST /api/v1/users/login HTTP/1.1" 200 50 "-" "PostmanRuntime/7.29.2"

info: ::1 - - [11/Nov/2022:18:13:14 +0000] "POST /api/v1/users/login HTTP/1.1" 200 50 "-" "PostmanRuntime/7.29.2"

info: ::1 - - [11/Nov/2022:18:13:21 +0000] "POST /api/v1/users/login HTTP/1.1" 200 50 "-" "PostmanRuntime/7.29.2"

info: ::1 - - [11/Nov/2022:18:14:01 +0000] "POST /api/v1/users/login HTTP/1.1" 500 53 "-" "PostmanRuntime/7.29.2"

info: ::1 - - [11/Nov/2022:18:15:20 +0000] "POST /api/v1/users/login HTTP/1.1" 500 53 "-" "PostmanRuntime/7.29.2"

info: ::1 - - [11/Nov/2022:18:15:58 +0000] "POST /api/v1/users/login HTTP/1.1" 500 53 "-" "PostmanRuntime/7.29.2"

info: ::1 - - [11/Nov/2022:18:16:24 +0000] "POST /api/v1/users/login HTTP/1.1" 500 53 "-" "PostmanRuntime/7.29.2"

info: ::1 - - [11/Nov/2022:18:25:14 +0000] "POST /api/v1/users/login HTTP/1.1" 500 89 "-" "PostmanRuntime/7.29.2"

