info: ::1 - - [18/Nov/2022:07:00:16 +0000] "GET /api/v1/notes/ HTTP/1.1" 200 510 "-" "PostmanRuntime/7.29.2"

info: ::1 - - [18/Nov/2022:07:01:20 +0000] "POST /api/v1/users/login HTTP/1.1" 202 232 "-" "PostmanRuntime/7.29.2"

info: ::1 - - [18/Nov/2022:07:01:44 +0000] "GET /api/v1/notes/ HTTP/1.1" 200 65 "-" "PostmanRuntime/7.29.2"

info: ::1 - - [18/Nov/2022:07:03:03 +0000] "GET /api/v1/notes/ HTTP/1.1" 200 65 "-" "PostmanRuntime/7.29.2"

info: ::1 - - [18/Nov/2022:07:12:47 +0000] "GET /api/v1/notes/ HTTP/1.1" 200 65 "-" "PostmanRuntime/7.29.2"

info: ::1 - - [18/Nov/2022:07:14:38 +0000] "GET /api/v1/notes/6375feef565fc1320415bbd7 HTTP/1.1" 200 62 "-" "PostmanRuntime/7.29.2"

info: ::1 - - [18/Nov/2022:07:15:32 +0000] "GET /api/v1/notes/6375feef565fc1320415bbd7 HTTP/1.1" 202 62 "-" "PostmanRuntime/7.29.2"

info: ::1 - - [18/Nov/2022:07:16:20 +0000] "GET /api/v1/notes/ HTTP/1.1" 202 65 "-" "PostmanRuntime/7.29.2"

info: ::1 - - [18/Nov/2022:07:17:15 +0000] "GET /api/v1/notes/ HTTP/1.1" 400 65 "-" "PostmanRuntime/7.29.2"

info: ::1 - - [18/Nov/2022:07:40:09 +0000] "GET /api/v1/notes/ HTTP/1.1" 500 64 "-" "PostmanRuntime/7.29.2"

info: ::1 - - [18/Nov/2022:07:40:46 +0000] "GET /api/v1/notes/ HTTP/1.1" 500 54 "-" "PostmanRuntime/7.29.2"

info: ::1 - - [18/Nov/2022:07:42:26 +0000] "GET /api/v1/notes/ HTTP/1.1" 500 72 "-" "PostmanRuntime/7.29.2"

info: ::1 - - [18/Nov/2022:08:37:04 +0000] "GET /api/v1/notes/6375feef565fc1320415bbd7 HTTP/1.1" 200 62 "-" "PostmanRuntime/7.29.2"

info: ::1 - - [18/Nov/2022:08:37:05 +0000] "GET /api/v1/notes/6375feef565fc1320415bbd7 HTTP/1.1" 200 62 "-" "PostmanRuntime/7.29.2"

info: ::1 - - [18/Nov/2022:08:41:35 +0000] "GET /api/v1/notes/6375feef565fc1320415bbd7 HTTP/1.1" 500 88 "-" "PostmanRuntime/7.29.2"

info: ::1 - - [18/Nov/2022:08:44:44 +0000] "PUT /api/v1/notes/6375feef565fc1320415bbd7 HTTP/1.1" 202 62 "-" "PostmanRuntime/7.29.2"

info: ::1 - - [18/Nov/2022:08:45:03 +0000] "DELETE /api/v1/notes/6375feef565fc1320415bbd7 HTTP/1.1" 200 60 "-" "PostmanRuntime/7.29.2"

info: ::1 - - [18/Nov/2022:08:46:57 +0000] "PUT /api/v1/notes/6375feef565fc1320415bbd7 HTTP/1.1" 500 75 "-" "PostmanRuntime/7.29.2"

info: ::1 - - [18/Nov/2022:08:47:07 +0000] "DELETE /api/v1/notes/6375feef565fc1320415bbd7 HTTP/1.1" 500 84 "-" "PostmanRuntime/7.29.2"

info: ::1 - - [18/Nov/2022:08:47:38 +0000] "DELETE /api/v1/notes/6375feef565fc1320415bbd7 HTTP/1.1" 500 75 "-" "PostmanRuntime/7.29.2"

info: ::1 - - [18/Nov/2022:08:50:11 +0000] "DELETE /api/v1/notes/6375feef565fc1320415bbd7/isArchive HTTP/1.1" 404 47 "-" "PostmanRuntime/7.29.2"

info: ::1 - - [18/Nov/2022:08:50:18 +0000] "PUT /api/v1/notes/6375feef565fc1320415bbd7/isArchive HTTP/1.1" 500 87 "-" "PostmanRuntime/7.29.2"

info: ::1 - - [18/Nov/2022:08:50:39 +0000] "PUT /api/v1/notes/6375feef565fc1320415bbd7/isTrash HTTP/1.1" 500 85 "-" "PostmanRuntime/7.29.2"

info: ::1 - - [18/Nov/2022:08:58:46 +0000] "POST /api/v1/notes/ HTTP/1.1" 400 57 "-" "PostmanRuntime/7.29.2"

info: ::1 - - [18/Nov/2022:08:59:17 +0000] "GET /api/v1/notes/ HTTP/1.1" 500 72 "-" "PostmanRuntime/7.29.2"

info: ::1 - - [18/Nov/2022:09:51:43 +0000] "GET /api/v1/notes/6375feef565fc1320415bbd7/isArchive HTTP/1.1" 404 47 "-" "PostmanRuntime/7.29.2"

info: ::1 - - [18/Nov/2022:09:51:50 +0000] "PUT /api/v1/notes/6375feef565fc1320415bbd7/isArchive HTTP/1.1" 500 87 "-" "PostmanRuntime/7.29.2"

info: ::1 - - [18/Nov/2022:10:01:14 +0000] "GET /api/v1/notes/ HTTP/1.1" 202 65 "-" "PostmanRuntime/7.29.2"

info: ::1 - - [18/Nov/2022:10:01:47 +0000] "GET /api/v1/notes/ HTTP/1.1" 500 72 "-" "PostmanRuntime/7.29.2"

info: ::1 - - [18/Nov/2022:10:02:27 +0000] "POST /api/v1/users/login HTTP/1.1" 202 230 "-" "PostmanRuntime/7.29.2"

info: ::1 - - [18/Nov/2022:10:02:51 +0000] "GET /api/v1/notes/ HTTP/1.1" 202 282 "-" "PostmanRuntime/7.29.2"

info: ::1 - - [18/Nov/2022:10:03:34 +0000] "GET /api/v1/notes/ HTTP/1.1" 202 512 "-" "PostmanRuntime/7.29.2"

info: ::1 - - [18/Nov/2022:10:04:07 +0000] "GET /api/v1/notes/6375fed6565fc1320415bbd5 HTTP/1.1" 200 277 "-" "PostmanRuntime/7.29.2"

info: ::1 - - [18/Nov/2022:10:04:46 +0000] "PUT /api/v1/notes/6375fed6565fc1320415bbd5 HTTP/1.1" 202 283 "-" "PostmanRuntime/7.29.2"

info: ::1 - - [18/Nov/2022:10:05:00 +0000] "PUT /api/v1/notes/6375fed6565fc1320415bbd5/isArchive HTTP/1.1" 202 283 "-" "PostmanRuntime/7.29.2"

info: ::1 - - [18/Nov/2022:10:05:03 +0000] "PUT /api/v1/notes/6375fed6565fc1320415bbd5/isArchive HTTP/1.1" 202 284 "-" "PostmanRuntime/7.29.2"

info: ::1 - - [18/Nov/2022:10:05:17 +0000] "PUT /api/v1/notes/6375fed6565fc1320415bbd5/isTrash HTTP/1.1" 202 284 "-" "PostmanRuntime/7.29.2"

info: ::1 - - [18/Nov/2022:10:05:54 +0000] "DELETE /api/v1/notes/6375fed6565fc1320415bbd5 HTTP/1.1" 200 60 "-" "PostmanRuntime/7.29.2"

info: ::1 - - [18/Nov/2022:10:06:06 +0000] "GET /api/v1/notes/6375fed6565fc1320415bbd5 HTTP/1.1" 500 75 "-" "PostmanRuntime/7.29.2"

info: ::1 - - [18/Nov/2022:10:06:26 +0000] "POST /api/v1/notes/ HTTP/1.1" 201 285 "-" "PostmanRuntime/7.29.2"

