info: Server started at http://localhost:4000/api/v1/ {"timestamp":"2022-11-22T03:25:41.050Z"}
info: Connected to the database. {"timestamp":"2022-11-22T03:25:41.135Z"}
info: Server started at http://localhost:4000/api/v1/ {"timestamp":"2022-11-22T06:59:00.396Z"}
info: Connected to the database. {"timestamp":"2022-11-22T06:59:00.440Z"}
info: Server started at http://localhost:4000/api/v1/ {"timestamp":"2022-11-22T07:49:43.049Z"}
info: Connected to the database. {"timestamp":"2022-11-22T07:49:43.128Z"}
info: Server started at http://localhost:4000/api/v1/ {"timestamp":"2022-11-22T07:50:36.426Z"}
info: Connected to the database. {"timestamp":"2022-11-22T07:50:36.526Z"}
error: 
    status - 500 
    message - ValidationError: "firstname" is required 
    url - /api/v1/users/register 
    method - POST 
    IP - ::ffff:127.0.0.1
   {"timestamp":"2022-11-22T07:50:36.652Z"}
info: Server started at http://localhost:4000/api/v1/ {"timestamp":"2022-11-22T07:52:20.517Z"}
info: Connected to the database. {"timestamp":"2022-11-22T07:52:20.577Z"}
info: Server started at http://localhost:4000/api/v1/ {"timestamp":"2022-11-22T12:13:11.234Z"}
info: Connected to the database. {"timestamp":"2022-11-22T12:13:11.314Z"}
error: 
    status - 500 
    message - ValidationError: "firstname" length must be at least 4 characters long 
    url - /api/v1/users/register 
    method - POST 
    IP - ::ffff:127.0.0.1
   {"timestamp":"2022-11-22T12:13:11.564Z"}
info: Server started at http://localhost:4000/api/v1/ {"timestamp":"2022-11-22T13:06:43.474Z"}
info: Connected to the database. {"timestamp":"2022-11-22T13:06:43.527Z"}
error: 
    status - 500 
    message - ValidationError: "firstname" length must be at least 4 characters long 
    url - /api/v1/users/register 
    method - POST 
    IP - ::ffff:127.0.0.1
   {"timestamp":"2022-11-22T13:06:43.768Z"}
error: 
    status - 500 
    message - ValidationError: "lastname" length must be at least 4 characters long 
    url - /api/v1/users/register 
    method - POST 
    IP - ::ffff:127.0.0.1
   {"timestamp":"2022-11-22T13:06:43.792Z"}
info: Server started at http://localhost:4000/api/v1/ {"timestamp":"2022-11-22T13:09:22.291Z"}
info: Connected to the database. {"timestamp":"2022-11-22T13:09:22.339Z"}
error: 
    status - 500 
    message - ValidationError: "firstname" length must be at least 4 characters long 
    url - /api/v1/users/register 
    method - POST 
    IP - ::ffff:127.0.0.1
   {"timestamp":"2022-11-22T13:09:22.576Z"}
error: 
    status - 500 
    message - ValidationError: "lastname" length must be at least 4 characters long 
    url - /api/v1/users/register 
    method - POST 
    IP - ::ffff:127.0.0.1
   {"timestamp":"2022-11-22T13:09:22.596Z"}
info: Server started at http://localhost:4000/api/v1/ {"timestamp":"2022-11-22T13:13:24.149Z"}
info: Connected to the database. {"timestamp":"2022-11-22T13:13:24.197Z"}
error: 
    status - 500 
    message - ValidationError: "firstname" length must be at least 4 characters long 
    url - /api/v1/users/register 
    method - POST 
    IP - ::ffff:127.0.0.1
   {"timestamp":"2022-11-22T13:13:24.430Z"}
error: 
    status - 500 
    message - ValidationError: "lastname" length must be at least 4 characters long 
    url - /api/v1/users/register 
    method - POST 
    IP - ::ffff:127.0.0.1
   {"timestamp":"2022-11-22T13:13:24.448Z"}
error: 
    status - 500 
    message - ValidationError: "email" must be a valid email 
    url - /api/v1/users/register 
    method - POST 
    IP - ::ffff:127.0.0.1
   {"timestamp":"2022-11-22T13:13:24.476Z"}
info: Server started at http://localhost:4000/api/v1/ {"timestamp":"2022-11-22T13:13:51.658Z"}
info: Connected to the database. {"timestamp":"2022-11-22T13:13:51.707Z"}
error: 
    status - 500 
    message - ValidationError: "firstname" length must be at least 4 characters long 
    url - /api/v1/users/register 
    method - POST 
    IP - ::ffff:127.0.0.1
   {"timestamp":"2022-11-22T13:13:51.943Z"}
error: 
    status - 500 
    message - ValidationError: "lastname" length must be at least 4 characters long 
    url - /api/v1/users/register 
    method - POST 
    IP - ::ffff:127.0.0.1
   {"timestamp":"2022-11-22T13:13:51.966Z"}
error: 
    status - 500 
    message - ValidationError: "email" must be a valid email 
    url - /api/v1/users/register 
    method - POST 
    IP - ::ffff:127.0.0.1
   {"timestamp":"2022-11-22T13:13:51.985Z"}
info: Server started at http://localhost:4000/api/v1/ {"timestamp":"2022-11-22T13:14:23.146Z"}
info: Connected to the database. {"timestamp":"2022-11-22T13:14:23.198Z"}
error: 
    status - 500 
    message - ValidationError: "firstname" length must be at least 4 characters long 
    url - /api/v1/users/register 
    method - POST 
    IP - ::ffff:127.0.0.1
   {"timestamp":"2022-11-22T13:14:23.428Z"}
error: 
    status - 500 
    message - ValidationError: "lastname" length must be at least 4 characters long 
    url - /api/v1/users/register 
    method - POST 
    IP - ::ffff:127.0.0.1
   {"timestamp":"2022-11-22T13:14:23.447Z"}
error: 
    status - 500 
    message - ValidationError: "email" must be a valid email 
    url - /api/v1/users/register 
    method - POST 
    IP - ::ffff:127.0.0.1
   {"timestamp":"2022-11-22T13:14:23.467Z"}
info: Server started at http://localhost:4000/api/v1/ {"timestamp":"2022-11-22T13:20:49.873Z"}
info: Connected to the database. {"timestamp":"2022-11-22T13:20:49.920Z"}
error: 
    status - 500 
    message - ValidationError: "firstname" length must be at least 4 characters long 
    url - /api/v1/users/register 
    method - POST 
    IP - ::ffff:127.0.0.1
   {"timestamp":"2022-11-22T13:20:50.154Z"}
error: 
    status - 500 
    message - ValidationError: "lastname" length must be at least 4 characters long 
    url - /api/v1/users/register 
    method - POST 
    IP - ::ffff:127.0.0.1
   {"timestamp":"2022-11-22T13:20:50.181Z"}
error: 
    status - 500 
    message - ValidationError: "email" must be a valid email 
    url - /api/v1/users/register 
    method - POST 
    IP - ::ffff:127.0.0.1
   {"timestamp":"2022-11-22T13:20:50.198Z"}
info: Server started at http://localhost:4000/api/v1/ {"timestamp":"2022-11-22T13:22:03.573Z"}
info: Connected to the database. {"timestamp":"2022-11-22T13:22:03.620Z"}
error: 
    status - 500 
    message - ValidationError: "firstname" length must be at least 4 characters long 
    url - /api/v1/users/register 
    method - POST 
    IP - ::ffff:127.0.0.1
   {"timestamp":"2022-11-22T13:22:03.911Z"}
error: 
    status - 500 
    message - ValidationError: "lastname" length must be at least 4 characters long 
    url - /api/v1/users/register 
    method - POST 
    IP - ::ffff:127.0.0.1
   {"timestamp":"2022-11-22T13:22:03.934Z"}
error: 
    status - 500 
    message - ValidationError: "email" must be a valid email 
    url - /api/v1/users/register 
    method - POST 
    IP - ::ffff:127.0.0.1
   {"timestamp":"2022-11-22T13:22:03.956Z"}
info: Server started at http://localhost:4000/api/v1/ {"timestamp":"2022-11-22T13:23:16.117Z"}
info: Connected to the database. {"timestamp":"2022-11-22T13:23:16.173Z"}
error: 
    status - 500 
    message - ValidationError: "firstname" length must be at least 4 characters long 
    url - /api/v1/users/register 
    method - POST 
    IP - ::ffff:127.0.0.1
   {"timestamp":"2022-11-22T13:23:16.414Z"}
error: 
    status - 500 
    message - ValidationError: "lastname" length must be at least 4 characters long 
    url - /api/v1/users/register 
    method - POST 
    IP - ::ffff:127.0.0.1
   {"timestamp":"2022-11-22T13:23:16.435Z"}
error: 
    status - 500 
    message - ValidationError: "email" must be a valid email 
    url - /api/v1/users/register 
    method - POST 
    IP - ::ffff:127.0.0.1
   {"timestamp":"2022-11-22T13:23:16.463Z"}
info: Server started at http://localhost:4000/api/v1/ {"timestamp":"2022-11-22T13:38:22.795Z"}
info: Connected to the database. {"timestamp":"2022-11-22T13:38:22.856Z"}
error: 
    status - 500 
    message - ValidationError: "firstname" length must be at least 4 characters long 
    url - /api/v1/users/register 
    method - POST 
    IP - ::ffff:127.0.0.1
   {"timestamp":"2022-11-22T13:38:23.114Z"}
error: 
    status - 500 
    message - ValidationError: "lastname" length must be at least 4 characters long 
    url - /api/v1/users/register 
    method - POST 
    IP - ::ffff:127.0.0.1
   {"timestamp":"2022-11-22T13:38:23.135Z"}
error: 
    status - 500 
    message - ValidationError: "email" must be a valid email 
    url - /api/v1/users/register 
    method - POST 
    IP - ::ffff:127.0.0.1
   {"timestamp":"2022-11-22T13:38:23.153Z"}
error: 
    status - 500 
    message - ValidationError: "password" length must be at least 5 characters long 
    url - /api/v1/users/register 
    method - POST 
    IP - ::ffff:127.0.0.1
   {"timestamp":"2022-11-22T13:38:23.169Z"}
info: Server started at http://localhost:4000/api/v1/ {"timestamp":"2022-11-22T13:47:25.868Z"}
info: Connected to the database. {"timestamp":"2022-11-22T13:47:25.931Z"}
error: 
    status - 500 
    message - ValidationError: "firstname" length must be at least 4 characters long 
    url - /api/v1/users/register 
    method - POST 
    IP - ::ffff:127.0.0.1
   {"timestamp":"2022-11-22T13:47:26.210Z"}
error: 
    status - 500 
    message - ValidationError: "lastname" length must be at least 4 characters long 
    url - /api/v1/users/register 
    method - POST 
    IP - ::ffff:127.0.0.1
   {"timestamp":"2022-11-22T13:47:26.246Z"}
error: 
    status - 500 
    message - ValidationError: "email" must be a valid email 
    url - /api/v1/users/register 
    method - POST 
    IP - ::ffff:127.0.0.1
   {"timestamp":"2022-11-22T13:47:26.276Z"}
error: 
    status - 500 
    message - ValidationError: "password" length must be at least 5 characters long 
    url - /api/v1/users/register 
    method - POST 
    IP - ::ffff:127.0.0.1
   {"timestamp":"2022-11-22T13:47:26.303Z"}
info: Server started at http://localhost:4000/api/v1/ {"timestamp":"2022-11-22T13:48:24.095Z"}
info: Connected to the database. {"timestamp":"2022-11-22T13:48:24.157Z"}
error: 
    status - 500 
    message - ValidationError: "firstname" length must be at least 4 characters long 
    url - /api/v1/users/register 
    method - POST 
    IP - ::ffff:127.0.0.1
   {"timestamp":"2022-11-22T13:48:24.395Z"}
error: 
    status - 500 
    message - ValidationError: "lastname" length must be at least 4 characters long 
    url - /api/v1/users/register 
    method - POST 
    IP - ::ffff:127.0.0.1
   {"timestamp":"2022-11-22T13:48:24.416Z"}
error: 
    status - 500 
    message - ValidationError: "email" must be a valid email 
    url - /api/v1/users/register 
    method - POST 
    IP - ::ffff:127.0.0.1
   {"timestamp":"2022-11-22T13:48:24.439Z"}
error: 
    status - 500 
    message - ValidationError: "password" length must be at least 5 characters long 
    url - /api/v1/users/register 
    method - POST 
    IP - ::ffff:127.0.0.1
   {"timestamp":"2022-11-22T13:48:24.460Z"}
info: Server started at http://localhost:4000/api/v1/ {"timestamp":"2022-11-22T13:52:25.310Z"}
info: Connected to the database. {"timestamp":"2022-11-22T13:52:25.380Z"}
error: 
    status - 500 
    message - ValidationError: "firstname" length must be at least 4 characters long 
    url - /api/v1/users/register 
    method - POST 
    IP - ::ffff:127.0.0.1
   {"timestamp":"2022-11-22T13:52:25.646Z"}
error: 
    status - 500 
    message - ValidationError: "lastname" length must be at least 4 characters long 
    url - /api/v1/users/register 
    method - POST 
    IP - ::ffff:127.0.0.1
   {"timestamp":"2022-11-22T13:52:25.680Z"}
error: 
    status - 500 
    message - ValidationError: "email" must be a valid email 
    url - /api/v1/users/register 
    method - POST 
    IP - ::ffff:127.0.0.1
   {"timestamp":"2022-11-22T13:52:25.705Z"}
error: 
    status - 500 
    message - ValidationError: "password" length must be at least 5 characters long 
    url - /api/v1/users/register 
    method - POST 
    IP - ::ffff:127.0.0.1
   {"timestamp":"2022-11-22T13:52:25.753Z"}
error: 
    status - 500 
    message - Error: Invalid Email
    at _callee2$ (E:\fundo-project\fundoo-notes\src\services\/user.service.js:31:11)
    at tryCatch (E:\fundo-project\fundoo-notes\node_modules\@babel\runtime\helpers\regeneratorRuntime.js:44:17)
    at Generator.<anonymous> (E:\fundo-project\fundoo-notes\node_modules\@babel\runtime\helpers\regeneratorRuntime.js:125:22)
    at Generator.next (E:\fundo-project\fundoo-notes\node_modules\@babel\runtime\helpers\regeneratorRuntime.js:69:21)
    at asyncGeneratorStep (E:\fundo-project\fundoo-notes\node_modules\@babel\runtime\helpers\asyncToGenerator.js:3:24)
    at _next (E:\fundo-project\fundoo-notes\node_modules\@babel\runtime\helpers\asyncToGenerator.js:22:9)
    at processTicksAndRejections (node:internal/process/task_queues:96:5) 
    url - /api/v1/users/login 
    method - POST 
    IP - ::ffff:127.0.0.1
   {"timestamp":"2022-11-22T13:52:25.940Z"}
info: Server started at http://localhost:4000/api/v1/ {"timestamp":"2022-11-22T13:55:26.789Z"}
info: Connected to the database. {"timestamp":"2022-11-22T13:55:26.858Z"}
error: 
    status - 500 
    message - ValidationError: "firstname" length must be at least 4 characters long 
    url - /api/v1/users/register 
    method - POST 
    IP - ::ffff:127.0.0.1
   {"timestamp":"2022-11-22T13:55:27.104Z"}
error: 
    status - 500 
    message - ValidationError: "lastname" length must be at least 4 characters long 
    url - /api/v1/users/register 
    method - POST 
    IP - ::ffff:127.0.0.1
   {"timestamp":"2022-11-22T13:55:27.128Z"}
error: 
    status - 500 
    message - ValidationError: "email" must be a valid email 
    url - /api/v1/users/register 
    method - POST 
    IP - ::ffff:127.0.0.1
   {"timestamp":"2022-11-22T13:55:27.155Z"}
error: 
    status - 500 
    message - ValidationError: "password" length must be at least 5 characters long 
    url - /api/v1/users/register 
    method - POST 
    IP - ::ffff:127.0.0.1
   {"timestamp":"2022-11-22T13:55:27.173Z"}
error: 
    status - 500 
    message - Error: Invalid Email
    at _callee2$ (E:\fundo-project\fundoo-notes\src\services\/user.service.js:31:11)
    at tryCatch (E:\fundo-project\fundoo-notes\node_modules\@babel\runtime\helpers\regeneratorRuntime.js:44:17)
    at Generator.<anonymous> (E:\fundo-project\fundoo-notes\node_modules\@babel\runtime\helpers\regeneratorRuntime.js:125:22)
    at Generator.next (E:\fundo-project\fundoo-notes\node_modules\@babel\runtime\helpers\regeneratorRuntime.js:69:21)
    at asyncGeneratorStep (E:\fundo-project\fundoo-notes\node_modules\@babel\runtime\helpers\asyncToGenerator.js:3:24)
    at _next (E:\fundo-project\fundoo-notes\node_modules\@babel\runtime\helpers\asyncToGenerator.js:22:9)
    at processTicksAndRejections (node:internal/process/task_queues:96:5) 
    url - /api/v1/users/login 
    method - POST 
    IP - ::ffff:127.0.0.1
   {"timestamp":"2022-11-22T13:55:27.354Z"}
error: 
    status - 500 
    message - Error: Invalid Password
    at _callee2$ (E:\fundo-project\fundoo-notes\src\services\/user.service.js:27:13)
    at tryCatch (E:\fundo-project\fundoo-notes\node_modules\@babel\runtime\helpers\regeneratorRuntime.js:44:17)
    at Generator.<anonymous> (E:\fundo-project\fundoo-notes\node_modules\@babel\runtime\helpers\regeneratorRuntime.js:125:22)
    at Generator.next (E:\fundo-project\fundoo-notes\node_modules\@babel\runtime\helpers\regeneratorRuntime.js:69:21)
    at asyncGeneratorStep (E:\fundo-project\fundoo-notes\node_modules\@babel\runtime\helpers\asyncToGenerator.js:3:24)
    at _next (E:\fundo-project\fundoo-notes\node_modules\@babel\runtime\helpers\asyncToGenerator.js:22:9) 
    url - /api/v1/users/login 
    method - POST 
    IP - ::ffff:127.0.0.1
   {"timestamp":"2022-11-22T13:55:27.491Z"}
info: Server started at http://localhost:4000/api/v1/ {"timestamp":"2022-11-22T13:57:30.885Z"}
info: Connected to the database. {"timestamp":"2022-11-22T13:57:30.942Z"}
error: 
    status - 500 
    message - ValidationError: "firstname" length must be at least 4 characters long 
    url - /api/v1/users/register 
    method - POST 
    IP - ::ffff:127.0.0.1
   {"timestamp":"2022-11-22T13:57:31.199Z"}
error: 
    status - 500 
    message - ValidationError: "lastname" length must be at least 4 characters long 
    url - /api/v1/users/register 
    method - POST 
    IP - ::ffff:127.0.0.1
   {"timestamp":"2022-11-22T13:57:31.221Z"}
error: 
    status - 500 
    message - ValidationError: "email" must be a valid email 
    url - /api/v1/users/register 
    method - POST 
    IP - ::ffff:127.0.0.1
   {"timestamp":"2022-11-22T13:57:31.245Z"}
error: 
    status - 500 
    message - ValidationError: "password" length must be at least 5 characters long 
    url - /api/v1/users/register 
    method - POST 
    IP - ::ffff:127.0.0.1
   {"timestamp":"2022-11-22T13:57:31.265Z"}
error: 
    status - 500 
    message - Error: Invalid Email
    at _callee2$ (E:\fundo-project\fundoo-notes\src\services\/user.service.js:31:11)
    at tryCatch (E:\fundo-project\fundoo-notes\node_modules\@babel\runtime\helpers\regeneratorRuntime.js:44:17)
    at Generator.<anonymous> (E:\fundo-project\fundoo-notes\node_modules\@babel\runtime\helpers\regeneratorRuntime.js:125:22)
    at Generator.next (E:\fundo-project\fundoo-notes\node_modules\@babel\runtime\helpers\regeneratorRuntime.js:69:21)
    at asyncGeneratorStep (E:\fundo-project\fundoo-notes\node_modules\@babel\runtime\helpers\asyncToGenerator.js:3:24)
    at _next (E:\fundo-project\fundoo-notes\node_modules\@babel\runtime\helpers\asyncToGenerator.js:22:9)
    at processTicksAndRejections (node:internal/process/task_queues:96:5) 
    url - /api/v1/users/login 
    method - POST 
    IP - ::ffff:127.0.0.1
   {"timestamp":"2022-11-22T13:57:31.447Z"}
error: 
    status - 500 
    message - Error: Invalid Password
    at _callee2$ (E:\fundo-project\fundoo-notes\src\services\/user.service.js:27:13)
    at tryCatch (E:\fundo-project\fundoo-notes\node_modules\@babel\runtime\helpers\regeneratorRuntime.js:44:17)
    at Generator.<anonymous> (E:\fundo-project\fundoo-notes\node_modules\@babel\runtime\helpers\regeneratorRuntime.js:125:22)
    at Generator.next (E:\fundo-project\fundoo-notes\node_modules\@babel\runtime\helpers\regeneratorRuntime.js:69:21)
    at asyncGeneratorStep (E:\fundo-project\fundoo-notes\node_modules\@babel\runtime\helpers\asyncToGenerator.js:3:24)
    at _next (E:\fundo-project\fundoo-notes\node_modules\@babel\runtime\helpers\asyncToGenerator.js:22:9) 
    url - /api/v1/users/login 
    method - POST 
    IP - ::ffff:127.0.0.1
   {"timestamp":"2022-11-22T13:57:31.588Z"}
