info: Server started at http://localhost:4000/api/v1/ {"timestamp":"2022-11-13T18:38:52.536Z"}
info: Connected to the database. {"timestamp":"2022-11-13T18:38:52.586Z"}
error: 
    status - 500 
    message - ValidationError: User validation failed: password: Path `password` is required., email: Path `email` is required., lastname: Path `lastname` is required., firstname: Path `firstname` is required.
    at model.Document.invalidate (E:\fundo-project\fundoo\node_modules\mongoose\lib\document.js:2782:32)
    at E:\fundo-project\fundoo\node_modules\mongoose\lib\document.js:2574:17
    at E:\fundo-project\fundoo\node_modules\mongoose\lib\schematype.js:1273:9
    at processTicksAndRejections (node:internal/process/task_queues:78:11) 
    url - /api/v1/users/register 
    method - POST 
    IP - ::1
   {"timestamp":"2022-11-13T18:38:57.332Z"}
info: Server started at http://localhost:4000/api/v1/ {"timestamp":"2022-11-13T18:40:17.878Z"}
info: Connected to the database. {"timestamp":"2022-11-13T18:40:17.922Z"}
error: 
    status - 500 
    message - ValidationError: User validation failed: password: Path `password` is required., email: Path `email` is required., lastname: Path `lastname` is required., firstname: Path `firstname` is required.
    at model.Document.invalidate (E:\fundo-project\fundoo\node_modules\mongoose\lib\document.js:2782:32)
    at E:\fundo-project\fundoo\node_modules\mongoose\lib\document.js:2574:17
    at E:\fundo-project\fundoo\node_modules\mongoose\lib\schematype.js:1273:9
    at processTicksAndRejections (node:internal/process/task_queues:78:11) 
    url - /api/v1/users/register 
    method - POST 
    IP - ::1
   {"timestamp":"2022-11-13T18:40:42.428Z"}
info: Server started at http://localhost:4000/api/v1/ {"timestamp":"2022-11-13T18:52:06.550Z"}
info: Connected to the database. {"timestamp":"2022-11-13T18:52:06.598Z"}
info: Server started at http://localhost:4000/api/v1/ {"timestamp":"2022-11-13T18:53:31.680Z"}
info: Connected to the database. {"timestamp":"2022-11-13T18:53:31.719Z"}
info: Server started at http://localhost:4000/api/v1/ {"timestamp":"2022-11-13T18:56:27.386Z"}
info: Connected to the database. {"timestamp":"2022-11-13T18:56:27.424Z"}
error: 
    status - 500 
    message - ReferenceError: firstname is not defined
    at _callee$ (E:\fundo-project\fundoo\src\services\/user.service.js:12:45)
    at tryCatch (E:\fundo-project\fundoo\node_modules\@babel\runtime\helpers\regeneratorRuntime.js:44:17)
    at Generator.<anonymous> (E:\fundo-project\fundoo\node_modules\@babel\runtime\helpers\regeneratorRuntime.js:125:22)
    at Generator.next (E:\fundo-project\fundoo\node_modules\@babel\runtime\helpers\regeneratorRuntime.js:69:21)
    at asyncGeneratorStep (E:\fundo-project\fundoo\node_modules\@babel\runtime\helpers\asyncToGenerator.js:3:24)
    at _next (E:\fundo-project\fundoo\node_modules\@babel\runtime\helpers\asyncToGenerator.js:22:9)
    at E:\fundo-project\fundoo\node_modules\@babel\runtime\helpers\asyncToGenerator.js:27:7
    at new Promise (<anonymous>)
    at Object.<anonymous> (E:\fundo-project\fundoo\node_modules\@babel\runtime\helpers\asyncToGenerator.js:19:12)
    at Object.newUser (E:\fundo-project\fundoo\src\services\/user.service.js:5:21)
    at _callee$ (E:\fundo-project\fundoo\src\controllers\/user.controller.js:12:36)
    at tryCatch (E:\fundo-project\fundoo\node_modules\@babel\runtime\helpers\regeneratorRuntime.js:44:17)
    at Generator.<anonymous> (E:\fundo-project\fundoo\node_modules\@babel\runtime\helpers\regeneratorRuntime.js:125:22)
    at Generator.next (E:\fundo-project\fundoo\node_modules\@babel\runtime\helpers\regeneratorRuntime.js:69:21)
    at asyncGeneratorStep (E:\fundo-project\fundoo\node_modules\@babel\runtime\helpers\asyncToGenerator.js:3:24)
    at _next (E:\fundo-project\fundoo\node_modules\@babel\runtime\helpers\asyncToGenerator.js:22:9)
    at E:\fundo-project\fundoo\node_modules\@babel\runtime\helpers\asyncToGenerator.js:27:7
    at new Promise (<anonymous>)
    at E:\fundo-project\fundoo\node_modules\@babel\runtime\helpers\asyncToGenerator.js:19:12
    at newUser (E:\fundo-project\fundoo\src\controllers\/user.controller.js:10:21)
    at Layer.handle [as handle_request] (E:\fundo-project\fundoo\node_modules\express\lib\router\layer.js:95:5)
    at next (E:\fundo-project\fundoo\node_modules\express\lib\router\route.js:144:13)
    at newUserValidator (E:\fundo-project\fundoo\src\validators\/user.validator.js:15:5)
    at Layer.handle [as handle_request] (E:\fundo-project\fundoo\node_modules\express\lib\router\layer.js:95:5)
    at next (E:\fundo-project\fundoo\node_modules\express\lib\router\route.js:144:13)
    at Route.dispatch (E:\fundo-project\fundoo\node_modules\express\lib\router\route.js:114:3)
    at Layer.handle [as handle_request] (E:\fundo-project\fundoo\node_modules\express\lib\router\layer.js:95:5)
    at E:\fundo-project\fundoo\node_modules\express\lib\router\index.js:284:15
    at Function.process_params (E:\fundo-project\fundoo\node_modules\express\lib\router\index.js:346:12)
    at next (E:\fundo-project\fundoo\node_modules\express\lib\router\index.js:280:10)
    at Function.handle (E:\fundo-project\fundoo\node_modules\express\lib\router\index.js:175:3)
    at router (E:\fundo-project\fundoo\node_modules\express\lib\router\index.js:47:12)
    at Layer.handle [as handle_request] (E:\fundo-project\fundoo\node_modules\express\lib\router\layer.js:95:5)
    at trim_prefix (E:\fundo-project\fundoo\node_modules\express\lib\router\index.js:328:13)
    at E:\fundo-project\fundoo\node_modules\express\lib\router\index.js:286:9
    at Function.process_params (E:\fundo-project\fundoo\node_modules\express\lib\router\index.js:346:12)
    at next (E:\fundo-project\fundoo\node_modules\express\lib\router\index.js:280:10)
    at Function.handle (E:\fundo-project\fundoo\node_modules\express\lib\router\index.js:175:3)
    at router (E:\fundo-project\fundoo\node_modules\express\lib\router\index.js:47:12)
    at Layer.handle [as handle_request] (E:\fundo-project\fundoo\node_modules\express\lib\router\layer.js:95:5)
    at trim_prefix (E:\fundo-project\fundoo\node_modules\express\lib\router\index.js:328:13)
    at E:\fundo-project\fundoo\node_modules\express\lib\router\index.js:286:9
    at Function.process_params (E:\fundo-project\fundoo\node_modules\express\lib\router\index.js:346:12)
    at next (E:\fundo-project\fundoo\node_modules\express\lib\router\index.js:280:10)
    at logger (E:\fundo-project\fundoo\node_modules\morgan\index.js:144:5)
    at Layer.handle [as handle_request] (E:\fundo-project\fundoo\node_modules\express\lib\router\layer.js:95:5)
    at trim_prefix (E:\fundo-project\fundoo\node_modules\express\lib\router\index.js:328:13)
    at E:\fundo-project\fundoo\node_modules\express\lib\router\index.js:286:9
    at Function.process_params (E:\fundo-project\fundoo\node_modules\express\lib\router\index.js:346:12)
    at next (E:\fundo-project\fundoo\node_modules\express\lib\router\index.js:280:10)
    at E:\fundo-project\fundoo\node_modules\body-parser\lib\read.js:137:5
    at AsyncResource.runInAsyncScope (node:async_hooks:203:9)
    at invokeCallback (E:\fundo-project\fundoo\node_modules\raw-body\index.js:231:16)
    at done (E:\fundo-project\fundoo\node_modules\raw-body\index.js:220:7)
    at IncomingMessage.onEnd (E:\fundo-project\fundoo\node_modules\raw-body\index.js:280:7)
    at IncomingMessage.emit (node:events:525:35) 
    url - /api/v1/users/register 
    method - POST 
    IP - ::1
   {"timestamp":"2022-11-13T18:56:49.673Z"}
info: Server started at http://localhost:4000/api/v1/ {"timestamp":"2022-11-13T18:57:36.712Z"}
info: Connected to the database. {"timestamp":"2022-11-13T18:57:36.758Z"}
error: 
    status - 500 
    message - ReferenceError: firstname is not defined
    at _callee$ (E:\fundo-project\fundoo\src\services\/user.service.js:13:16)
    at tryCatch (E:\fundo-project\fundoo\node_modules\@babel\runtime\helpers\regeneratorRuntime.js:44:17)
    at Generator.<anonymous> (E:\fundo-project\fundoo\node_modules\@babel\runtime\helpers\regeneratorRuntime.js:125:22)
    at Generator.next (E:\fundo-project\fundoo\node_modules\@babel\runtime\helpers\regeneratorRuntime.js:69:21)
    at asyncGeneratorStep (E:\fundo-project\fundoo\node_modules\@babel\runtime\helpers\asyncToGenerator.js:3:24)
    at _next (E:\fundo-project\fundoo\node_modules\@babel\runtime\helpers\asyncToGenerator.js:22:9)
    at E:\fundo-project\fundoo\node_modules\@babel\runtime\helpers\asyncToGenerator.js:27:7
    at new Promise (<anonymous>)
    at Object.<anonymous> (E:\fundo-project\fundoo\node_modules\@babel\runtime\helpers\asyncToGenerator.js:19:12)
    at Object.newUser (E:\fundo-project\fundoo\src\services\/user.service.js:5:21)
    at _callee$ (E:\fundo-project\fundoo\src\controllers\/user.controller.js:12:36)
    at tryCatch (E:\fundo-project\fundoo\node_modules\@babel\runtime\helpers\regeneratorRuntime.js:44:17)
    at Generator.<anonymous> (E:\fundo-project\fundoo\node_modules\@babel\runtime\helpers\regeneratorRuntime.js:125:22)
    at Generator.next (E:\fundo-project\fundoo\node_modules\@babel\runtime\helpers\regeneratorRuntime.js:69:21)
    at asyncGeneratorStep (E:\fundo-project\fundoo\node_modules\@babel\runtime\helpers\asyncToGenerator.js:3:24)
    at _next (E:\fundo-project\fundoo\node_modules\@babel\runtime\helpers\asyncToGenerator.js:22:9)
    at E:\fundo-project\fundoo\node_modules\@babel\runtime\helpers\asyncToGenerator.js:27:7
    at new Promise (<anonymous>)
    at E:\fundo-project\fundoo\node_modules\@babel\runtime\helpers\asyncToGenerator.js:19:12
    at newUser (E:\fundo-project\fundoo\src\controllers\/user.controller.js:10:21)
    at Layer.handle [as handle_request] (E:\fundo-project\fundoo\node_modules\express\lib\router\layer.js:95:5)
    at next (E:\fundo-project\fundoo\node_modules\express\lib\router\route.js:144:13)
    at newUserValidator (E:\fundo-project\fundoo\src\validators\/user.validator.js:15:5)
    at Layer.handle [as handle_request] (E:\fundo-project\fundoo\node_modules\express\lib\router\layer.js:95:5)
    at next (E:\fundo-project\fundoo\node_modules\express\lib\router\route.js:144:13)
    at Route.dispatch (E:\fundo-project\fundoo\node_modules\express\lib\router\route.js:114:3)
    at Layer.handle [as handle_request] (E:\fundo-project\fundoo\node_modules\express\lib\router\layer.js:95:5)
    at E:\fundo-project\fundoo\node_modules\express\lib\router\index.js:284:15
    at Function.process_params (E:\fundo-project\fundoo\node_modules\express\lib\router\index.js:346:12)
    at next (E:\fundo-project\fundoo\node_modules\express\lib\router\index.js:280:10)
    at Function.handle (E:\fundo-project\fundoo\node_modules\express\lib\router\index.js:175:3)
    at router (E:\fundo-project\fundoo\node_modules\express\lib\router\index.js:47:12)
    at Layer.handle [as handle_request] (E:\fundo-project\fundoo\node_modules\express\lib\router\layer.js:95:5)
    at trim_prefix (E:\fundo-project\fundoo\node_modules\express\lib\router\index.js:328:13)
    at E:\fundo-project\fundoo\node_modules\express\lib\router\index.js:286:9
    at Function.process_params (E:\fundo-project\fundoo\node_modules\express\lib\router\index.js:346:12)
    at next (E:\fundo-project\fundoo\node_modules\express\lib\router\index.js:280:10)
    at Function.handle (E:\fundo-project\fundoo\node_modules\express\lib\router\index.js:175:3)
    at router (E:\fundo-project\fundoo\node_modules\express\lib\router\index.js:47:12)
    at Layer.handle [as handle_request] (E:\fundo-project\fundoo\node_modules\express\lib\router\layer.js:95:5)
    at trim_prefix (E:\fundo-project\fundoo\node_modules\express\lib\router\index.js:328:13)
    at E:\fundo-project\fundoo\node_modules\express\lib\router\index.js:286:9
    at Function.process_params (E:\fundo-project\fundoo\node_modules\express\lib\router\index.js:346:12)
    at next (E:\fundo-project\fundoo\node_modules\express\lib\router\index.js:280:10)
    at logger (E:\fundo-project\fundoo\node_modules\morgan\index.js:144:5)
    at Layer.handle [as handle_request] (E:\fundo-project\fundoo\node_modules\express\lib\router\layer.js:95:5)
    at trim_prefix (E:\fundo-project\fundoo\node_modules\express\lib\router\index.js:328:13)
    at E:\fundo-project\fundoo\node_modules\express\lib\router\index.js:286:9
    at Function.process_params (E:\fundo-project\fundoo\node_modules\express\lib\router\index.js:346:12)
    at next (E:\fundo-project\fundoo\node_modules\express\lib\router\index.js:280:10)
    at E:\fundo-project\fundoo\node_modules\body-parser\lib\read.js:137:5
    at AsyncResource.runInAsyncScope (node:async_hooks:203:9)
    at invokeCallback (E:\fundo-project\fundoo\node_modules\raw-body\index.js:231:16)
    at done (E:\fundo-project\fundoo\node_modules\raw-body\index.js:220:7)
    at IncomingMessage.onEnd (E:\fundo-project\fundoo\node_modules\raw-body\index.js:280:7)
    at IncomingMessage.emit (node:events:525:35) 
    url - /api/v1/users/register 
    method - POST 
    IP - ::1
   {"timestamp":"2022-11-13T18:57:42.050Z"}
info: Server started at http://localhost:4000/api/v1/ {"timestamp":"2022-11-13T18:58:30.990Z"}
info: Connected to the database. {"timestamp":"2022-11-13T18:58:31.040Z"}
error: 
    status - 500 
    message - ValidationError: User validation failed: password: Cast to string failed for value "Promise { <pending> }" (type Promise) at path "password"
    at model.Document.invalidate (E:\fundo-project\fundoo\node_modules\mongoose\lib\document.js:2782:32)
    at model.$set (E:\fundo-project\fundoo\node_modules\mongoose\lib\document.js:1349:12)
    at model.$set (E:\fundo-project\fundoo\node_modules\mongoose\lib\document.js:1058:16)
    at model.Document (E:\fundo-project\fundoo\node_modules\mongoose\lib\document.js:148:12)
    at model.Model (E:\fundo-project\fundoo\node_modules\mongoose\lib\model.js:106:12)
    at new model (E:\fundo-project\fundoo\node_modules\mongoose\lib\model.js:4911:15)
    at E:\fundo-project\fundoo\node_modules\mongoose\lib\model.js:3157:22
    at E:\fundo-project\fundoo\node_modules\mongoose\lib\model.js:3193:7
    at Array.forEach (<anonymous>)
    at E:\fundo-project\fundoo\node_modules\mongoose\lib\model.js:3192:15
    at E:\fundo-project\fundoo\node_modules\mongoose\lib\helpers\promiseOrCallback.js:32:5
    at new Promise (<anonymous>)
    at promiseOrCallback (E:\fundo-project\fundoo\node_modules\mongoose\lib\helpers\promiseOrCallback.js:31:10)
    at Mongoose._promiseOrCallback (E:\fundo-project\fundoo\node_modules\mongoose\lib\index.js:1149:10)
    at Function.create (E:\fundo-project\fundoo\node_modules\mongoose\lib\model.js:3127:23)
    at _callee$ (E:\fundo-project\fundoo\src\services\/user.service.js:12:27)
    at tryCatch (E:\fundo-project\fundoo\node_modules\@babel\runtime\helpers\regeneratorRuntime.js:44:17)
    at Generator.<anonymous> (E:\fundo-project\fundoo\node_modules\@babel\runtime\helpers\regeneratorRuntime.js:125:22)
    at Generator.next (E:\fundo-project\fundoo\node_modules\@babel\runtime\helpers\regeneratorRuntime.js:69:21)
    at asyncGeneratorStep (E:\fundo-project\fundoo\node_modules\@babel\runtime\helpers\asyncToGenerator.js:3:24)
    at _next (E:\fundo-project\fundoo\node_modules\@babel\runtime\helpers\asyncToGenerator.js:22:9)
    at E:\fundo-project\fundoo\node_modules\@babel\runtime\helpers\asyncToGenerator.js:27:7
    at new Promise (<anonymous>)
    at Object.<anonymous> (E:\fundo-project\fundoo\node_modules\@babel\runtime\helpers\asyncToGenerator.js:19:12)
    at Object.newUser (E:\fundo-project\fundoo\src\services\/user.service.js:5:21)
    at _callee$ (E:\fundo-project\fundoo\src\controllers\/user.controller.js:12:36)
    at tryCatch (E:\fundo-project\fundoo\node_modules\@babel\runtime\helpers\regeneratorRuntime.js:44:17)
    at Generator.<anonymous> (E:\fundo-project\fundoo\node_modules\@babel\runtime\helpers\regeneratorRuntime.js:125:22)
    at Generator.next (E:\fundo-project\fundoo\node_modules\@babel\runtime\helpers\regeneratorRuntime.js:69:21)
    at asyncGeneratorStep (E:\fundo-project\fundoo\node_modules\@babel\runtime\helpers\asyncToGenerator.js:3:24)
    at _next (E:\fundo-project\fundoo\node_modules\@babel\runtime\helpers\asyncToGenerator.js:22:9)
    at E:\fundo-project\fundoo\node_modules\@babel\runtime\helpers\asyncToGenerator.js:27:7
    at new Promise (<anonymous>)
    at E:\fundo-project\fundoo\node_modules\@babel\runtime\helpers\asyncToGenerator.js:19:12
    at newUser (E:\fundo-project\fundoo\src\controllers\/user.controller.js:10:21)
    at Layer.handle [as handle_request] (E:\fundo-project\fundoo\node_modules\express\lib\router\layer.js:95:5)
    at next (E:\fundo-project\fundoo\node_modules\express\lib\router\route.js:144:13)
    at newUserValidator (E:\fundo-project\fundoo\src\validators\/user.validator.js:15:5)
    at Layer.handle [as handle_request] (E:\fundo-project\fundoo\node_modules\express\lib\router\layer.js:95:5)
    at next (E:\fundo-project\fundoo\node_modules\express\lib\router\route.js:144:13)
    at Route.dispatch (E:\fundo-project\fundoo\node_modules\express\lib\router\route.js:114:3)
    at Layer.handle [as handle_request] (E:\fundo-project\fundoo\node_modules\express\lib\router\layer.js:95:5)
    at E:\fundo-project\fundoo\node_modules\express\lib\router\index.js:284:15
    at Function.process_params (E:\fundo-project\fundoo\node_modules\express\lib\router\index.js:346:12)
    at next (E:\fundo-project\fundoo\node_modules\express\lib\router\index.js:280:10)
    at Function.handle (E:\fundo-project\fundoo\node_modules\express\lib\router\index.js:175:3)
    at router (E:\fundo-project\fundoo\node_modules\express\lib\router\index.js:47:12)
    at Layer.handle [as handle_request] (E:\fundo-project\fundoo\node_modules\express\lib\router\layer.js:95:5)
    at trim_prefix (E:\fundo-project\fundoo\node_modules\express\lib\router\index.js:328:13)
    at E:\fundo-project\fundoo\node_modules\express\lib\router\index.js:286:9
    at Function.process_params (E:\fundo-project\fundoo\node_modules\express\lib\router\index.js:346:12)
    at next (E:\fundo-project\fundoo\node_modules\express\lib\router\index.js:280:10)
    at Function.handle (E:\fundo-project\fundoo\node_modules\express\lib\router\index.js:175:3)
    at router (E:\fundo-project\fundoo\node_modules\express\lib\router\index.js:47:12)
    at Layer.handle [as handle_request] (E:\fundo-project\fundoo\node_modules\express\lib\router\layer.js:95:5)
    at trim_prefix (E:\fundo-project\fundoo\node_modules\express\lib\router\index.js:328:13) 
    url - /api/v1/users/register 
    method - POST 
    IP - ::1
   {"timestamp":"2022-11-13T18:58:38.291Z"}
info: Server started at http://localhost:4000/api/v1/ {"timestamp":"2022-11-13T19:00:14.622Z"}
info: Connected to the database. {"timestamp":"2022-11-13T19:00:14.672Z"}
error: 
    status - 500 
    message - ValidationError: User validation failed: password: Path `password` is required.
    at model.Document.invalidate (E:\fundo-project\fundoo\node_modules\mongoose\lib\document.js:2782:32)
    at E:\fundo-project\fundoo\node_modules\mongoose\lib\document.js:2574:17
    at E:\fundo-project\fundoo\node_modules\mongoose\lib\schematype.js:1273:9
    at processTicksAndRejections (node:internal/process/task_queues:78:11) 
    url - /api/v1/users/register 
    method - POST 
    IP - ::1
   {"timestamp":"2022-11-13T19:00:20.831Z"}
info: Server started at http://localhost:4000/api/v1/ {"timestamp":"2022-11-13T19:00:59.811Z"}
info: Connected to the database. {"timestamp":"2022-11-13T19:00:59.858Z"}
info: Server started at http://localhost:4000/api/v1/ {"timestamp":"2022-11-13T19:01:18.200Z"}
info: Connected to the database. {"timestamp":"2022-11-13T19:01:18.242Z"}
info: Server started at http://localhost:4000/api/v1/ {"timestamp":"2022-11-13T19:06:31.539Z"}
info: Connected to the database. {"timestamp":"2022-11-13T19:06:31.581Z"}
error: 
    status - 500 
    message - ValidationError: "password" is not allowed 
    url - /api/v1/users/register 
    method - POST 
    IP - ::1
   {"timestamp":"2022-11-13T19:06:35.867Z"}
info: Server started at http://localhost:4000/api/v1/ {"timestamp":"2022-11-13T19:11:48.764Z"}
info: Connected to the database. {"timestamp":"2022-11-13T19:11:48.808Z"}
error: 
    status - 500 
    message - ValidationError: "password" is not allowed 
    url - /api/v1/users/register 
    method - POST 
    IP - ::1
   {"timestamp":"2022-11-13T19:11:58.268Z"}
info: Server started at http://localhost:4000/api/v1/ {"timestamp":"2022-11-13T19:14:28.609Z"}
info: Connected to the database. {"timestamp":"2022-11-13T19:14:28.647Z"}
error: 
    status - 500 
    message - ValidationError: "password" is not allowed 
    url - /api/v1/users/register 
    method - POST 
    IP - ::1
   {"timestamp":"2022-11-13T19:14:41.021Z"}
info: Server started at http://localhost:4000/api/v1/ {"timestamp":"2022-11-13T19:15:07.805Z"}
info: Connected to the database. {"timestamp":"2022-11-13T19:15:07.845Z"}
error: 
    status - 500 
    message - ValidationError: User validation failed: password: Cast to string failed for value "Promise { <pending> }" (type Promise) at path "password"
    at model.Document.invalidate (E:\fundo-project\fundoo\node_modules\mongoose\lib\document.js:2782:32)
    at model.$set (E:\fundo-project\fundoo\node_modules\mongoose\lib\document.js:1349:12)
    at model.$set (E:\fundo-project\fundoo\node_modules\mongoose\lib\document.js:1058:16)
    at model.Document (E:\fundo-project\fundoo\node_modules\mongoose\lib\document.js:148:12)
    at model.Model (E:\fundo-project\fundoo\node_modules\mongoose\lib\model.js:106:12)
    at new model (E:\fundo-project\fundoo\node_modules\mongoose\lib\model.js:4911:15)
    at E:\fundo-project\fundoo\node_modules\mongoose\lib\model.js:3157:22
    at E:\fundo-project\fundoo\node_modules\mongoose\lib\model.js:3193:7
    at Array.forEach (<anonymous>)
    at E:\fundo-project\fundoo\node_modules\mongoose\lib\model.js:3192:15
    at E:\fundo-project\fundoo\node_modules\mongoose\lib\helpers\promiseOrCallback.js:32:5
    at new Promise (<anonymous>)
    at promiseOrCallback (E:\fundo-project\fundoo\node_modules\mongoose\lib\helpers\promiseOrCallback.js:31:10)
    at Mongoose._promiseOrCallback (E:\fundo-project\fundoo\node_modules\mongoose\lib\index.js:1149:10)
    at Function.create (E:\fundo-project\fundoo\node_modules\mongoose\lib\model.js:3127:23)
    at _callee$ (E:\fundo-project\fundoo\src\services\/user.service.js:11:25)
    at tryCatch (E:\fundo-project\fundoo\node_modules\@babel\runtime\helpers\regeneratorRuntime.js:44:17)
    at Generator.<anonymous> (E:\fundo-project\fundoo\node_modules\@babel\runtime\helpers\regeneratorRuntime.js:125:22)
    at Generator.next (E:\fundo-project\fundoo\node_modules\@babel\runtime\helpers\regeneratorRuntime.js:69:21)
    at asyncGeneratorStep (E:\fundo-project\fundoo\node_modules\@babel\runtime\helpers\asyncToGenerator.js:3:24)
    at _next (E:\fundo-project\fundoo\node_modules\@babel\runtime\helpers\asyncToGenerator.js:22:9)
    at E:\fundo-project\fundoo\node_modules\@babel\runtime\helpers\asyncToGenerator.js:27:7
    at new Promise (<anonymous>)
    at Object.<anonymous> (E:\fundo-project\fundoo\node_modules\@babel\runtime\helpers\asyncToGenerator.js:19:12)
    at Object.newUser (E:\fundo-project\fundoo\src\services\/user.service.js:5:21)
    at _callee$ (E:\fundo-project\fundoo\src\controllers\/user.controller.js:12:36)
    at tryCatch (E:\fundo-project\fundoo\node_modules\@babel\runtime\helpers\regeneratorRuntime.js:44:17)
    at Generator.<anonymous> (E:\fundo-project\fundoo\node_modules\@babel\runtime\helpers\regeneratorRuntime.js:125:22)
    at Generator.next (E:\fundo-project\fundoo\node_modules\@babel\runtime\helpers\regeneratorRuntime.js:69:21)
    at asyncGeneratorStep (E:\fundo-project\fundoo\node_modules\@babel\runtime\helpers\asyncToGenerator.js:3:24)
    at _next (E:\fundo-project\fundoo\node_modules\@babel\runtime\helpers\asyncToGenerator.js:22:9)
    at E:\fundo-project\fundoo\node_modules\@babel\runtime\helpers\asyncToGenerator.js:27:7
    at new Promise (<anonymous>)
    at E:\fundo-project\fundoo\node_modules\@babel\runtime\helpers\asyncToGenerator.js:19:12
    at newUser (E:\fundo-project\fundoo\src\controllers\/user.controller.js:10:21)
    at Layer.handle [as handle_request] (E:\fundo-project\fundoo\node_modules\express\lib\router\layer.js:95:5)
    at next (E:\fundo-project\fundoo\node_modules\express\lib\router\route.js:144:13)
    at newUserValidator (E:\fundo-project\fundoo\src\validators\/user.validator.js:15:5)
    at Layer.handle [as handle_request] (E:\fundo-project\fundoo\node_modules\express\lib\router\layer.js:95:5)
    at next (E:\fundo-project\fundoo\node_modules\express\lib\router\route.js:144:13)
    at Route.dispatch (E:\fundo-project\fundoo\node_modules\express\lib\router\route.js:114:3)
    at Layer.handle [as handle_request] (E:\fundo-project\fundoo\node_modules\express\lib\router\layer.js:95:5)
    at E:\fundo-project\fundoo\node_modules\express\lib\router\index.js:284:15
    at Function.process_params (E:\fundo-project\fundoo\node_modules\express\lib\router\index.js:346:12)
    at next (E:\fundo-project\fundoo\node_modules\express\lib\router\index.js:280:10)
    at Function.handle (E:\fundo-project\fundoo\node_modules\express\lib\router\index.js:175:3)
    at router (E:\fundo-project\fundoo\node_modules\express\lib\router\index.js:47:12)
    at Layer.handle [as handle_request] (E:\fundo-project\fundoo\node_modules\express\lib\router\layer.js:95:5)
    at trim_prefix (E:\fundo-project\fundoo\node_modules\express\lib\router\index.js:328:13)
    at E:\fundo-project\fundoo\node_modules\express\lib\router\index.js:286:9 
    url - /api/v1/users/register 
    method - POST 
    IP - ::1
   {"timestamp":"2022-11-13T19:15:12.763Z"}
info: Server started at http://localhost:4000/api/v1/ {"timestamp":"2022-11-13T19:16:54.897Z"}
info: Connected to the database. {"timestamp":"2022-11-13T19:16:54.944Z"}
error: 
    status - 500 
    message - TypeError: _joi.default.symbol(...).min is not a function
    at newUserValidator (E:\fundo-project\fundoo\src\validators\/user.validator.js:8:28)
    at Layer.handle [as handle_request] (E:\fundo-project\fundoo\node_modules\express\lib\router\layer.js:95:5)
    at next (E:\fundo-project\fundoo\node_modules\express\lib\router\route.js:144:13)
    at Route.dispatch (E:\fundo-project\fundoo\node_modules\express\lib\router\route.js:114:3)
    at Layer.handle [as handle_request] (E:\fundo-project\fundoo\node_modules\express\lib\router\layer.js:95:5)
    at E:\fundo-project\fundoo\node_modules\express\lib\router\index.js:284:15
    at Function.process_params (E:\fundo-project\fundoo\node_modules\express\lib\router\index.js:346:12)
    at next (E:\fundo-project\fundoo\node_modules\express\lib\router\index.js:280:10)
    at Function.handle (E:\fundo-project\fundoo\node_modules\express\lib\router\index.js:175:3)
    at router (E:\fundo-project\fundoo\node_modules\express\lib\router\index.js:47:12)
    at Layer.handle [as handle_request] (E:\fundo-project\fundoo\node_modules\express\lib\router\layer.js:95:5)
    at trim_prefix (E:\fundo-project\fundoo\node_modules\express\lib\router\index.js:328:13)
    at E:\fundo-project\fundoo\node_modules\express\lib\router\index.js:286:9
    at Function.process_params (E:\fundo-project\fundoo\node_modules\express\lib\router\index.js:346:12)
    at next (E:\fundo-project\fundoo\node_modules\express\lib\router\index.js:280:10)
    at Function.handle (E:\fundo-project\fundoo\node_modules\express\lib\router\index.js:175:3)
    at router (E:\fundo-project\fundoo\node_modules\express\lib\router\index.js:47:12)
    at Layer.handle [as handle_request] (E:\fundo-project\fundoo\node_modules\express\lib\router\layer.js:95:5)
    at trim_prefix (E:\fundo-project\fundoo\node_modules\express\lib\router\index.js:328:13)
    at E:\fundo-project\fundoo\node_modules\express\lib\router\index.js:286:9
    at Function.process_params (E:\fundo-project\fundoo\node_modules\express\lib\router\index.js:346:12)
    at next (E:\fundo-project\fundoo\node_modules\express\lib\router\index.js:280:10)
    at logger (E:\fundo-project\fundoo\node_modules\morgan\index.js:144:5)
    at Layer.handle [as handle_request] (E:\fundo-project\fundoo\node_modules\express\lib\router\layer.js:95:5)
    at trim_prefix (E:\fundo-project\fundoo\node_modules\express\lib\router\index.js:328:13)
    at E:\fundo-project\fundoo\node_modules\express\lib\router\index.js:286:9
    at Function.process_params (E:\fundo-project\fundoo\node_modules\express\lib\router\index.js:346:12)
    at next (E:\fundo-project\fundoo\node_modules\express\lib\router\index.js:280:10)
    at E:\fundo-project\fundoo\node_modules\body-parser\lib\read.js:137:5
    at AsyncResource.runInAsyncScope (node:async_hooks:203:9)
    at invokeCallback (E:\fundo-project\fundoo\node_modules\raw-body\index.js:231:16)
    at done (E:\fundo-project\fundoo\node_modules\raw-body\index.js:220:7)
    at IncomingMessage.onEnd (E:\fundo-project\fundoo\node_modules\raw-body\index.js:280:7)
    at IncomingMessage.emit (node:events:525:35)
    at IncomingMessage.emit (node:domain:489:12)
    at endReadableNT (node:internal/streams/readable:1358:12)
    at processTicksAndRejections (node:internal/process/task_queues:83:21) 
    url - /api/v1/users/register 
    method - POST 
    IP - ::1
   {"timestamp":"2022-11-13T19:16:59.599Z"}
info: Server started at http://localhost:4000/api/v1/ {"timestamp":"2022-11-13T19:17:21.045Z"}
info: Connected to the database. {"timestamp":"2022-11-13T19:17:21.094Z"}
error: 
    status - 500 
    message - ValidationError: "password" must be a symbol 
    url - /api/v1/users/register 
    method - POST 
    IP - ::1
   {"timestamp":"2022-11-13T19:17:26.000Z"}
info: Server started at http://localhost:4000/api/v1/ {"timestamp":"2022-11-13T19:17:58.706Z"}
info: Connected to the database. {"timestamp":"2022-11-13T19:17:58.760Z"}
error: 
    status - 500 
    message - TypeError: _joi.default.symbol(...).string is not a function
    at newUserValidator (E:\fundo-project\fundoo\src\validators\/user.validator.js:8:28)
    at Layer.handle [as handle_request] (E:\fundo-project\fundoo\node_modules\express\lib\router\layer.js:95:5)
    at next (E:\fundo-project\fundoo\node_modules\express\lib\router\route.js:144:13)
    at Route.dispatch (E:\fundo-project\fundoo\node_modules\express\lib\router\route.js:114:3)
    at Layer.handle [as handle_request] (E:\fundo-project\fundoo\node_modules\express\lib\router\layer.js:95:5)
    at E:\fundo-project\fundoo\node_modules\express\lib\router\index.js:284:15
    at Function.process_params (E:\fundo-project\fundoo\node_modules\express\lib\router\index.js:346:12)
    at next (E:\fundo-project\fundoo\node_modules\express\lib\router\index.js:280:10)
    at Function.handle (E:\fundo-project\fundoo\node_modules\express\lib\router\index.js:175:3)
    at router (E:\fundo-project\fundoo\node_modules\express\lib\router\index.js:47:12)
    at Layer.handle [as handle_request] (E:\fundo-project\fundoo\node_modules\express\lib\router\layer.js:95:5)
    at trim_prefix (E:\fundo-project\fundoo\node_modules\express\lib\router\index.js:328:13)
    at E:\fundo-project\fundoo\node_modules\express\lib\router\index.js:286:9
    at Function.process_params (E:\fundo-project\fundoo\node_modules\express\lib\router\index.js:346:12)
    at next (E:\fundo-project\fundoo\node_modules\express\lib\router\index.js:280:10)
    at Function.handle (E:\fundo-project\fundoo\node_modules\express\lib\router\index.js:175:3)
    at router (E:\fundo-project\fundoo\node_modules\express\lib\router\index.js:47:12)
    at Layer.handle [as handle_request] (E:\fundo-project\fundoo\node_modules\express\lib\router\layer.js:95:5)
    at trim_prefix (E:\fundo-project\fundoo\node_modules\express\lib\router\index.js:328:13)
    at E:\fundo-project\fundoo\node_modules\express\lib\router\index.js:286:9
    at Function.process_params (E:\fundo-project\fundoo\node_modules\express\lib\router\index.js:346:12)
    at next (E:\fundo-project\fundoo\node_modules\express\lib\router\index.js:280:10)
    at logger (E:\fundo-project\fundoo\node_modules\morgan\index.js:144:5)
    at Layer.handle [as handle_request] (E:\fundo-project\fundoo\node_modules\express\lib\router\layer.js:95:5)
    at trim_prefix (E:\fundo-project\fundoo\node_modules\express\lib\router\index.js:328:13)
    at E:\fundo-project\fundoo\node_modules\express\lib\router\index.js:286:9
    at Function.process_params (E:\fundo-project\fundoo\node_modules\express\lib\router\index.js:346:12)
    at next (E:\fundo-project\fundoo\node_modules\express\lib\router\index.js:280:10)
    at E:\fundo-project\fundoo\node_modules\body-parser\lib\read.js:137:5
    at AsyncResource.runInAsyncScope (node:async_hooks:203:9)
    at invokeCallback (E:\fundo-project\fundoo\node_modules\raw-body\index.js:231:16)
    at done (E:\fundo-project\fundoo\node_modules\raw-body\index.js:220:7)
    at IncomingMessage.onEnd (E:\fundo-project\fundoo\node_modules\raw-body\index.js:280:7)
    at IncomingMessage.emit (node:events:525:35)
    at IncomingMessage.emit (node:domain:489:12)
    at endReadableNT (node:internal/streams/readable:1358:12)
    at processTicksAndRejections (node:internal/process/task_queues:83:21) 
    url - /api/v1/users/register 
    method - POST 
    IP - ::1
   {"timestamp":"2022-11-13T19:18:02.786Z"}
info: Server started at http://localhost:4000/api/v1/ {"timestamp":"2022-11-13T19:19:57.712Z"}
info: Connected to the database. {"timestamp":"2022-11-13T19:19:57.750Z"}
error: 
    status - 500 
    message - ValidationError: User validation failed: password: Cast to string failed for value "Promise { <pending> }" (type Promise) at path "password"
    at model.Document.invalidate (E:\fundo-project\fundoo\node_modules\mongoose\lib\document.js:2782:32)
    at model.$set (E:\fundo-project\fundoo\node_modules\mongoose\lib\document.js:1349:12)
    at model.$set (E:\fundo-project\fundoo\node_modules\mongoose\lib\document.js:1058:16)
    at model.Document (E:\fundo-project\fundoo\node_modules\mongoose\lib\document.js:148:12)
    at model.Model (E:\fundo-project\fundoo\node_modules\mongoose\lib\model.js:106:12)
    at new model (E:\fundo-project\fundoo\node_modules\mongoose\lib\model.js:4911:15)
    at E:\fundo-project\fundoo\node_modules\mongoose\lib\model.js:3157:22
    at E:\fundo-project\fundoo\node_modules\mongoose\lib\model.js:3193:7
    at Array.forEach (<anonymous>)
    at E:\fundo-project\fundoo\node_modules\mongoose\lib\model.js:3192:15
    at E:\fundo-project\fundoo\node_modules\mongoose\lib\helpers\promiseOrCallback.js:32:5
    at new Promise (<anonymous>)
    at promiseOrCallback (E:\fundo-project\fundoo\node_modules\mongoose\lib\helpers\promiseOrCallback.js:31:10)
    at Mongoose._promiseOrCallback (E:\fundo-project\fundoo\node_modules\mongoose\lib\index.js:1149:10)
    at Function.create (E:\fundo-project\fundoo\node_modules\mongoose\lib\model.js:3127:23)
    at _callee$ (E:\fundo-project\fundoo\src\services\/user.service.js:11:25)
    at tryCatch (E:\fundo-project\fundoo\node_modules\@babel\runtime\helpers\regeneratorRuntime.js:44:17)
    at Generator.<anonymous> (E:\fundo-project\fundoo\node_modules\@babel\runtime\helpers\regeneratorRuntime.js:125:22)
    at Generator.next (E:\fundo-project\fundoo\node_modules\@babel\runtime\helpers\regeneratorRuntime.js:69:21)
    at asyncGeneratorStep (E:\fundo-project\fundoo\node_modules\@babel\runtime\helpers\asyncToGenerator.js:3:24)
    at _next (E:\fundo-project\fundoo\node_modules\@babel\runtime\helpers\asyncToGenerator.js:22:9)
    at E:\fundo-project\fundoo\node_modules\@babel\runtime\helpers\asyncToGenerator.js:27:7
    at new Promise (<anonymous>)
    at Object.<anonymous> (E:\fundo-project\fundoo\node_modules\@babel\runtime\helpers\asyncToGenerator.js:19:12)
    at Object.newUser (E:\fundo-project\fundoo\src\services\/user.service.js:5:21)
    at _callee$ (E:\fundo-project\fundoo\src\controllers\/user.controller.js:12:36)
    at tryCatch (E:\fundo-project\fundoo\node_modules\@babel\runtime\helpers\regeneratorRuntime.js:44:17)
    at Generator.<anonymous> (E:\fundo-project\fundoo\node_modules\@babel\runtime\helpers\regeneratorRuntime.js:125:22)
    at Generator.next (E:\fundo-project\fundoo\node_modules\@babel\runtime\helpers\regeneratorRuntime.js:69:21)
    at asyncGeneratorStep (E:\fundo-project\fundoo\node_modules\@babel\runtime\helpers\asyncToGenerator.js:3:24)
    at _next (E:\fundo-project\fundoo\node_modules\@babel\runtime\helpers\asyncToGenerator.js:22:9)
    at E:\fundo-project\fundoo\node_modules\@babel\runtime\helpers\asyncToGenerator.js:27:7
    at new Promise (<anonymous>)
    at E:\fundo-project\fundoo\node_modules\@babel\runtime\helpers\asyncToGenerator.js:19:12
    at newUser (E:\fundo-project\fundoo\src\controllers\/user.controller.js:10:21)
    at Layer.handle [as handle_request] (E:\fundo-project\fundoo\node_modules\express\lib\router\layer.js:95:5)
    at next (E:\fundo-project\fundoo\node_modules\express\lib\router\route.js:144:13)
    at newUserValidator (E:\fundo-project\fundoo\src\validators\/user.validator.js:15:5)
    at Layer.handle [as handle_request] (E:\fundo-project\fundoo\node_modules\express\lib\router\layer.js:95:5)
    at next (E:\fundo-project\fundoo\node_modules\express\lib\router\route.js:144:13)
    at Route.dispatch (E:\fundo-project\fundoo\node_modules\express\lib\router\route.js:114:3)
    at Layer.handle [as handle_request] (E:\fundo-project\fundoo\node_modules\express\lib\router\layer.js:95:5)
    at E:\fundo-project\fundoo\node_modules\express\lib\router\index.js:284:15
    at Function.process_params (E:\fundo-project\fundoo\node_modules\express\lib\router\index.js:346:12)
    at next (E:\fundo-project\fundoo\node_modules\express\lib\router\index.js:280:10)
    at Function.handle (E:\fundo-project\fundoo\node_modules\express\lib\router\index.js:175:3)
    at router (E:\fundo-project\fundoo\node_modules\express\lib\router\index.js:47:12)
    at Layer.handle [as handle_request] (E:\fundo-project\fundoo\node_modules\express\lib\router\layer.js:95:5)
    at trim_prefix (E:\fundo-project\fundoo\node_modules\express\lib\router\index.js:328:13)
    at E:\fundo-project\fundoo\node_modules\express\lib\router\index.js:286:9 
    url - /api/v1/users/register 
    method - POST 
    IP - ::1
   {"timestamp":"2022-11-13T19:22:03.511Z"}
info: Server started at http://localhost:4000/api/v1/ {"timestamp":"2022-11-13T19:26:10.239Z"}
info: Connected to the database. {"timestamp":"2022-11-13T19:26:10.302Z"}
error: 
    status - 500 
    message - ValidationError: User validation failed: password: Cast to string failed for value "Promise { <pending> }" (type Promise) at path "password"
    at model.Document.invalidate (E:\fundo-project\fundoo\node_modules\mongoose\lib\document.js:2782:32)
    at model.$set (E:\fundo-project\fundoo\node_modules\mongoose\lib\document.js:1349:12)
    at model.$set (E:\fundo-project\fundoo\node_modules\mongoose\lib\document.js:1058:16)
    at model.Document (E:\fundo-project\fundoo\node_modules\mongoose\lib\document.js:148:12)
    at model.Model (E:\fundo-project\fundoo\node_modules\mongoose\lib\model.js:106:12)
    at new model (E:\fundo-project\fundoo\node_modules\mongoose\lib\model.js:4911:15)
    at E:\fundo-project\fundoo\node_modules\mongoose\lib\model.js:3157:22
    at E:\fundo-project\fundoo\node_modules\mongoose\lib\model.js:3193:7
    at Array.forEach (<anonymous>)
    at E:\fundo-project\fundoo\node_modules\mongoose\lib\model.js:3192:15
    at E:\fundo-project\fundoo\node_modules\mongoose\lib\helpers\promiseOrCallback.js:32:5
    at new Promise (<anonymous>)
    at promiseOrCallback (E:\fundo-project\fundoo\node_modules\mongoose\lib\helpers\promiseOrCallback.js:31:10)
    at Mongoose._promiseOrCallback (E:\fundo-project\fundoo\node_modules\mongoose\lib\index.js:1149:10)
    at Function.create (E:\fundo-project\fundoo\node_modules\mongoose\lib\model.js:3127:23)
    at _callee$ (E:\fundo-project\fundoo\src\services\/user.service.js:11:25)
    at tryCatch (E:\fundo-project\fundoo\node_modules\@babel\runtime\helpers\regeneratorRuntime.js:44:17)
    at Generator.<anonymous> (E:\fundo-project\fundoo\node_modules\@babel\runtime\helpers\regeneratorRuntime.js:125:22)
    at Generator.next (E:\fundo-project\fundoo\node_modules\@babel\runtime\helpers\regeneratorRuntime.js:69:21)
    at asyncGeneratorStep (E:\fundo-project\fundoo\node_modules\@babel\runtime\helpers\asyncToGenerator.js:3:24)
    at _next (E:\fundo-project\fundoo\node_modules\@babel\runtime\helpers\asyncToGenerator.js:22:9)
    at E:\fundo-project\fundoo\node_modules\@babel\runtime\helpers\asyncToGenerator.js:27:7
    at new Promise (<anonymous>)
    at Object.<anonymous> (E:\fundo-project\fundoo\node_modules\@babel\runtime\helpers\asyncToGenerator.js:19:12)
    at Object.newUser (E:\fundo-project\fundoo\src\services\/user.service.js:5:21)
    at _callee$ (E:\fundo-project\fundoo\src\controllers\/user.controller.js:12:36)
    at tryCatch (E:\fundo-project\fundoo\node_modules\@babel\runtime\helpers\regeneratorRuntime.js:44:17)
    at Generator.<anonymous> (E:\fundo-project\fundoo\node_modules\@babel\runtime\helpers\regeneratorRuntime.js:125:22)
    at Generator.next (E:\fundo-project\fundoo\node_modules\@babel\runtime\helpers\regeneratorRuntime.js:69:21)
    at asyncGeneratorStep (E:\fundo-project\fundoo\node_modules\@babel\runtime\helpers\asyncToGenerator.js:3:24)
    at _next (E:\fundo-project\fundoo\node_modules\@babel\runtime\helpers\asyncToGenerator.js:22:9)
    at E:\fundo-project\fundoo\node_modules\@babel\runtime\helpers\asyncToGenerator.js:27:7
    at new Promise (<anonymous>)
    at E:\fundo-project\fundoo\node_modules\@babel\runtime\helpers\asyncToGenerator.js:19:12
    at newUser (E:\fundo-project\fundoo\src\controllers\/user.controller.js:10:21)
    at Layer.handle [as handle_request] (E:\fundo-project\fundoo\node_modules\express\lib\router\layer.js:95:5)
    at next (E:\fundo-project\fundoo\node_modules\express\lib\router\route.js:144:13)
    at newUserValidator (E:\fundo-project\fundoo\src\validators\/user.validator.js:15:5)
    at Layer.handle [as handle_request] (E:\fundo-project\fundoo\node_modules\express\lib\router\layer.js:95:5)
    at next (E:\fundo-project\fundoo\node_modules\express\lib\router\route.js:144:13)
    at Route.dispatch (E:\fundo-project\fundoo\node_modules\express\lib\router\route.js:114:3)
    at Layer.handle [as handle_request] (E:\fundo-project\fundoo\node_modules\express\lib\router\layer.js:95:5)
    at E:\fundo-project\fundoo\node_modules\express\lib\router\index.js:284:15
    at Function.process_params (E:\fundo-project\fundoo\node_modules\express\lib\router\index.js:346:12)
    at next (E:\fundo-project\fundoo\node_modules\express\lib\router\index.js:280:10)
    at Function.handle (E:\fundo-project\fundoo\node_modules\express\lib\router\index.js:175:3)
    at router (E:\fundo-project\fundoo\node_modules\express\lib\router\index.js:47:12)
    at Layer.handle [as handle_request] (E:\fundo-project\fundoo\node_modules\express\lib\router\layer.js:95:5)
    at trim_prefix (E:\fundo-project\fundoo\node_modules\express\lib\router\index.js:328:13)
    at E:\fundo-project\fundoo\node_modules\express\lib\router\index.js:286:9
    at Function.process_params (E:\fundo-project\fundoo\node_modules\express\lib\router\index.js:346:12)
    at next (E:\fundo-project\fundoo\node_modules\express\lib\router\index.js:280:10)
    at Function.handle (E:\fundo-project\fundoo\node_modules\express\lib\router\index.js:175:3)
    at router (E:\fundo-project\fundoo\node_modules\express\lib\router\index.js:47:12)
    at Layer.handle [as handle_request] (E:\fundo-project\fundoo\node_modules\express\lib\router\layer.js:95:5)
    at trim_prefix (E:\fundo-project\fundoo\node_modules\express\lib\router\index.js:328:13) 
    url - /api/v1/users/register 
    method - POST 
    IP - ::1
   {"timestamp":"2022-11-13T19:26:14.998Z"}
info: Server started at http://localhost:4000/api/v1/ {"timestamp":"2022-11-13T19:34:25.719Z"}
info: Connected to the database. {"timestamp":"2022-11-13T19:34:25.776Z"}
error: 
      status - 11000
      message - E11000 duplicate key error collection: fundoodb.users index: email_1 dup key: { email: "shankarnag123@gmail.com" } 
      url - /api/v1/users/register 
      method - POST 
      IP - ::1
     {"timestamp":"2022-11-13T19:34:30.387Z"}
error: 
    status - 500 
    message - RangeError: Invalid status code: 11000
    at new NodeError (node:internal/errors:387:5)
    at ServerResponse.writeHead (node:_http_server:314:11)
    at ServerResponse.writeHead (E:\fundo-project\fundoo\node_modules\on-headers\index.js:44:26)
    at ServerResponse._implicitHeader (node:_http_server:305:8)
    at write_ (node:_http_outgoing:867:9)
    at ServerResponse.end (node:_http_outgoing:977:5)
    at ServerResponse.send (E:\fundo-project\fundoo\node_modules\express\lib\response.js:232:10)
    at ServerResponse.json (E:\fundo-project\fundoo\node_modules\express\lib\response.js:278:15)
    at appErrorHandler (E:\fundo-project\fundoo\src\middlewares\/error.middleware.js:36:26)
    at Layer.handle_error (E:\fundo-project\fundoo\node_modules\express\lib\router\layer.js:71:5)
    at trim_prefix (E:\fundo-project\fundoo\node_modules\express\lib\router\index.js:326:13)
    at E:\fundo-project\fundoo\node_modules\express\lib\router\index.js:286:9
    at Function.process_params (E:\fundo-project\fundoo\node_modules\express\lib\router\index.js:346:12)
    at Immediate.next (E:\fundo-project\fundoo\node_modules\express\lib\router\index.js:280:10)
    at Immediate._onImmediate (E:\fundo-project\fundoo\node_modules\express\lib\router\index.js:646:15)
    at processImmediate (node:internal/timers:468:21) 
    url - /api/v1/users/register 
    method - POST 
    IP - ::1
   {"timestamp":"2022-11-13T19:34:30.409Z"}
info: Server started at http://localhost:4000/api/v1/ {"timestamp":"2022-11-13T19:35:28.794Z"}
info: Connected to the database. {"timestamp":"2022-11-13T19:35:28.839Z"}
info: Server started at http://localhost:4000/api/v1/ {"timestamp":"2022-11-14T02:44:57.418Z"}
info: Connected to the database. {"timestamp":"2022-11-14T02:44:57.455Z"}
info: Server started at http://localhost:4000/api/v1/ {"timestamp":"2022-11-14T02:55:18.642Z"}
info: Connected to the database. {"timestamp":"2022-11-14T02:55:18.689Z"}
error: 
    status - 500 
    message - Error: data and hash arguments required
    at Object.compare (E:\fundo-project\fundoo\node_modules\bcrypt\bcrypt.js:208:17)
    at E:\fundo-project\fundoo\node_modules\bcrypt\promises.js:29:12
    at new Promise (<anonymous>)
    at Object.module.exports.promise (E:\fundo-project\fundoo\node_modules\bcrypt\promises.js:20:12)
    at Object.compare (E:\fundo-project\fundoo\node_modules\bcrypt\bcrypt.js:204:25)
    at _callee2$ (E:\fundo-project\fundoo\src\services\/user.service.js:18:33)
    at tryCatch (E:\fundo-project\fundoo\node_modules\@babel\runtime\helpers\regeneratorRuntime.js:44:17)
    at Generator.<anonymous> (E:\fundo-project\fundoo\node_modules\@babel\runtime\helpers\regeneratorRuntime.js:125:22)
    at Generator.next (E:\fundo-project\fundoo\node_modules\@babel\runtime\helpers\regeneratorRuntime.js:69:21)
    at asyncGeneratorStep (E:\fundo-project\fundoo\node_modules\@babel\runtime\helpers\asyncToGenerator.js:3:24)
    at _next (E:\fundo-project\fundoo\node_modules\@babel\runtime\helpers\asyncToGenerator.js:22:9)
    at processTicksAndRejections (node:internal/process/task_queues:96:5) 
    url - /api/v1/users/login 
    method - POST 
    IP - ::1
   {"timestamp":"2022-11-14T02:55:37.978Z"}
info: Server started at http://localhost:4000/api/v1/ {"timestamp":"2022-11-14T02:56:59.701Z"}
info: Connected to the database. {"timestamp":"2022-11-14T02:56:59.750Z"}
error: 
    status - 500 
    message - Error: data and hash arguments required
    at Object.compare (E:\fundo-project\fundoo\node_modules\bcrypt\bcrypt.js:208:17)
    at E:\fundo-project\fundoo\node_modules\bcrypt\promises.js:29:12
    at new Promise (<anonymous>)
    at Object.module.exports.promise (E:\fundo-project\fundoo\node_modules\bcrypt\promises.js:20:12)
    at Object.compare (E:\fundo-project\fundoo\node_modules\bcrypt\bcrypt.js:204:25)
    at _callee2$ (E:\fundo-project\fundoo\src\services\/user.service.js:19:33)
    at tryCatch (E:\fundo-project\fundoo\node_modules\@babel\runtime\helpers\regeneratorRuntime.js:44:17)
    at Generator.<anonymous> (E:\fundo-project\fundoo\node_modules\@babel\runtime\helpers\regeneratorRuntime.js:125:22)
    at Generator.next (E:\fundo-project\fundoo\node_modules\@babel\runtime\helpers\regeneratorRuntime.js:69:21)
    at asyncGeneratorStep (E:\fundo-project\fundoo\node_modules\@babel\runtime\helpers\asyncToGenerator.js:3:24)
    at _next (E:\fundo-project\fundoo\node_modules\@babel\runtime\helpers\asyncToGenerator.js:22:9)
    at processTicksAndRejections (node:internal/process/task_queues:96:5) 
    url - /api/v1/users/login 
    method - POST 
    IP - ::1
   {"timestamp":"2022-11-14T02:58:24.275Z"}
info: Server started at http://localhost:4000/api/v1/ {"timestamp":"2022-11-14T03:00:07.264Z"}
info: Connected to the database. {"timestamp":"2022-11-14T03:00:07.305Z"}
info: Server started at http://localhost:4000/api/v1/ {"timestamp":"2022-11-14T03:00:18.074Z"}
info: Connected to the database. {"timestamp":"2022-11-14T03:00:18.117Z"}
error: 
    status - 500 
    message - Error: Invalid Password
    at _callee2$ (E:\fundo-project\fundoo\src\services\/user.service.js:24:13)
    at tryCatch (E:\fundo-project\fundoo\node_modules\@babel\runtime\helpers\regeneratorRuntime.js:44:17)
    at Generator.<anonymous> (E:\fundo-project\fundoo\node_modules\@babel\runtime\helpers\regeneratorRuntime.js:125:22)
    at Generator.next (E:\fundo-project\fundoo\node_modules\@babel\runtime\helpers\regeneratorRuntime.js:69:21)
    at asyncGeneratorStep (E:\fundo-project\fundoo\node_modules\@babel\runtime\helpers\asyncToGenerator.js:3:24)
    at _next (E:\fundo-project\fundoo\node_modules\@babel\runtime\helpers\asyncToGenerator.js:22:9) 
    url - /api/v1/users/login 
    method - POST 
    IP - ::1
   {"timestamp":"2022-11-14T03:00:23.945Z"}
error: 
    status - 500 
    message - Error: Invalid Password
    at _callee2$ (E:\fundo-project\fundoo\src\services\/user.service.js:24:13)
    at tryCatch (E:\fundo-project\fundoo\node_modules\@babel\runtime\helpers\regeneratorRuntime.js:44:17)
    at Generator.<anonymous> (E:\fundo-project\fundoo\node_modules\@babel\runtime\helpers\regeneratorRuntime.js:125:22)
    at Generator.next (E:\fundo-project\fundoo\node_modules\@babel\runtime\helpers\regeneratorRuntime.js:69:21)
    at asyncGeneratorStep (E:\fundo-project\fundoo\node_modules\@babel\runtime\helpers\asyncToGenerator.js:3:24)
    at _next (E:\fundo-project\fundoo\node_modules\@babel\runtime\helpers\asyncToGenerator.js:22:9) 
    url - /api/v1/users/login 
    method - POST 
    IP - ::1
   {"timestamp":"2022-11-14T03:01:14.280Z"}
info: Server started at http://localhost:4000/api/v1/ {"timestamp":"2022-11-14T03:02:10.644Z"}
info: Connected to the database. {"timestamp":"2022-11-14T03:02:10.687Z"}
error: 
    status - 500 
    message - Error: Invalid Password
    at _callee2$ (E:\fundo-project\fundoo\src\services\/user.service.js:24:13)
    at tryCatch (E:\fundo-project\fundoo\node_modules\@babel\runtime\helpers\regeneratorRuntime.js:44:17)
    at Generator.<anonymous> (E:\fundo-project\fundoo\node_modules\@babel\runtime\helpers\regeneratorRuntime.js:125:22)
    at Generator.next (E:\fundo-project\fundoo\node_modules\@babel\runtime\helpers\regeneratorRuntime.js:69:21)
    at asyncGeneratorStep (E:\fundo-project\fundoo\node_modules\@babel\runtime\helpers\asyncToGenerator.js:3:24)
    at _next (E:\fundo-project\fundoo\node_modules\@babel\runtime\helpers\asyncToGenerator.js:22:9) 
    url - /api/v1/users/login 
    method - POST 
    IP - ::1
   {"timestamp":"2022-11-14T03:02:21.622Z"}
info: Server started at http://localhost:4000/api/v1/ {"timestamp":"2022-11-14T03:07:11.752Z"}
info: Connected to the database. {"timestamp":"2022-11-14T03:07:11.797Z"}
error: 
    status - 500 
    message - Error: Invalid Email
    at _callee2$ (E:\fundo-project\fundoo\src\services\/user.service.js:28:11)
    at tryCatch (E:\fundo-project\fundoo\node_modules\@babel\runtime\helpers\regeneratorRuntime.js:44:17)
    at Generator.<anonymous> (E:\fundo-project\fundoo\node_modules\@babel\runtime\helpers\regeneratorRuntime.js:125:22)
    at Generator.next (E:\fundo-project\fundoo\node_modules\@babel\runtime\helpers\regeneratorRuntime.js:69:21)
    at asyncGeneratorStep (E:\fundo-project\fundoo\node_modules\@babel\runtime\helpers\asyncToGenerator.js:3:24)
    at _next (E:\fundo-project\fundoo\node_modules\@babel\runtime\helpers\asyncToGenerator.js:22:9)
    at processTicksAndRejections (node:internal/process/task_queues:96:5) 
    url - /api/v1/users/login 
    method - POST 
    IP - ::1
   {"timestamp":"2022-11-14T03:09:53.374Z"}
error: 
    status - 500 
    message - Error: Invalid Password
    at _callee2$ (E:\fundo-project\fundoo\src\services\/user.service.js:24:13)
    at tryCatch (E:\fundo-project\fundoo\node_modules\@babel\runtime\helpers\regeneratorRuntime.js:44:17)
    at Generator.<anonymous> (E:\fundo-project\fundoo\node_modules\@babel\runtime\helpers\regeneratorRuntime.js:125:22)
    at Generator.next (E:\fundo-project\fundoo\node_modules\@babel\runtime\helpers\regeneratorRuntime.js:69:21)
    at asyncGeneratorStep (E:\fundo-project\fundoo\node_modules\@babel\runtime\helpers\asyncToGenerator.js:3:24)
    at _next (E:\fundo-project\fundoo\node_modules\@babel\runtime\helpers\asyncToGenerator.js:22:9) 
    url - /api/v1/users/login 
    method - POST 
    IP - ::1
   {"timestamp":"2022-11-14T03:10:03.791Z"}
info: Server started at http://localhost:4000/api/v1/ {"timestamp":"2022-11-14T03:20:35.495Z"}
info: Connected to the database. {"timestamp":"2022-11-14T03:20:35.532Z"}
error: 
    status - 500 
    message - ReferenceError: jwt is not defined
    at _callee2$ (E:\fundo-project\fundoo\src\services\/user.service.js:22:11)
    at tryCatch (E:\fundo-project\fundoo\node_modules\@babel\runtime\helpers\regeneratorRuntime.js:44:17)
    at Generator.<anonymous> (E:\fundo-project\fundoo\node_modules\@babel\runtime\helpers\regeneratorRuntime.js:125:22)
    at Generator.next (E:\fundo-project\fundoo\node_modules\@babel\runtime\helpers\regeneratorRuntime.js:69:21)
    at asyncGeneratorStep (E:\fundo-project\fundoo\node_modules\@babel\runtime\helpers\asyncToGenerator.js:3:24)
    at _next (E:\fundo-project\fundoo\node_modules\@babel\runtime\helpers\asyncToGenerator.js:22:9) 
    url - /api/v1/users/login 
    method - POST 
    IP - ::1
   {"timestamp":"2022-11-14T03:20:41.751Z"}
info: Server started at http://localhost:4000/api/v1/ {"timestamp":"2022-11-14T03:21:15.059Z"}
info: Connected to the database. {"timestamp":"2022-11-14T03:21:15.111Z"}
error: 
    status - 500 
    message - Error: Invalid Email
    at _callee2$ (E:\fundo-project\fundoo\src\services\/user.service.js:31:11)
    at tryCatch (E:\fundo-project\fundoo\node_modules\@babel\runtime\helpers\regeneratorRuntime.js:44:17)
    at Generator.<anonymous> (E:\fundo-project\fundoo\node_modules\@babel\runtime\helpers\regeneratorRuntime.js:125:22)
    at Generator.next (E:\fundo-project\fundoo\node_modules\@babel\runtime\helpers\regeneratorRuntime.js:69:21)
    at asyncGeneratorStep (E:\fundo-project\fundoo\node_modules\@babel\runtime\helpers\asyncToGenerator.js:3:24)
    at _next (E:\fundo-project\fundoo\node_modules\@babel\runtime\helpers\asyncToGenerator.js:22:9)
    at processTicksAndRejections (node:internal/process/task_queues:96:5) 
    url - /api/v1/users/login 
    method - POST 
    IP - ::1
   {"timestamp":"2022-11-14T03:36:48.361Z"}
info: Server started at http://localhost:4000/api/v1/ {"timestamp":"2022-11-14T08:24:10.822Z"}
info: Connected to the database. {"timestamp":"2022-11-14T08:24:10.871Z"}
info: Server started at http://localhost:4000/api/v1/ {"timestamp":"2022-11-14T08:39:07.198Z"}
info: Connected to the database. {"timestamp":"2022-11-14T08:39:07.252Z"}
info: Server started at http://localhost:4000/api/v1/ {"timestamp":"2022-11-14T09:02:12.564Z"}
info: Connected to the database. {"timestamp":"2022-11-14T09:02:12.624Z"}
info: Server started at http://localhost:4000/api/v1/ {"timestamp":"2022-11-14T09:19:53.732Z"}
info: Connected to the database. {"timestamp":"2022-11-14T09:19:53.791Z"}
info: Server started at http://localhost:4000/api/v1/ {"timestamp":"2022-11-14T09:29:10.659Z"}
info: Connected to the database. {"timestamp":"2022-11-14T09:29:10.707Z"}
info: Server started at http://localhost:4000/api/v1/ {"timestamp":"2022-11-14T14:50:13.141Z"}
info: Connected to the database. {"timestamp":"2022-11-14T14:50:13.181Z"}
info: Server started at http://localhost:4000/api/v1/ {"timestamp":"2022-11-14T17:13:17.071Z"}
info: Connected to the database. {"timestamp":"2022-11-14T17:13:17.115Z"}
