info: Server started at http://localhost:4000/api/v1/ {"timestamp":"2022-11-23T03:15:59.882Z"}
info: Connected to the database. {"timestamp":"2022-11-23T03:15:59.957Z"}
error: 
    status - 500 
    message - ValidationError: "firstname" length must be at least 4 characters long 
    url - /api/v1/users/register 
    method - POST 
    IP - ::ffff:127.0.0.1
   {"timestamp":"2022-11-23T03:16:00.237Z"}
error: 
    status - 500 
    message - ValidationError: "lastname" length must be at least 4 characters long 
    url - /api/v1/users/register 
    method - POST 
    IP - ::ffff:127.0.0.1
   {"timestamp":"2022-11-23T03:16:00.265Z"}
error: 
    status - 500 
    message - ValidationError: "email" must be a valid email 
    url - /api/v1/users/register 
    method - POST 
    IP - ::ffff:127.0.0.1
   {"timestamp":"2022-11-23T03:16:00.297Z"}
error: 
    status - 500 
    message - ValidationError: "password" length must be at least 5 characters long 
    url - /api/v1/users/register 
    method - POST 
    IP - ::ffff:127.0.0.1
   {"timestamp":"2022-11-23T03:16:00.325Z"}
error: 
    status - 500 
    message - Error: Invalid Email
    at _callee2$ (E:\fundo-project\fundoo-notes\src\services\/user.service.js:31:11)
    at tryCatch (E:\fundo-project\fundoo-notes\node_modules\@babel\runtime\helpers\regeneratorRuntime.js:44:17)
    at Generator.<anonymous> (E:\fundo-project\fundoo-notes\node_modules\@babel\runtime\helpers\regeneratorRuntime.js:125:22)
    at Generator.next (E:\fundo-project\fundoo-notes\node_modules\@babel\runtime\helpers\regeneratorRuntime.js:69:21)
    at asyncGeneratorStep (E:\fundo-project\fundoo-notes\node_modules\@babel\runtime\helpers\asyncToGenerator.js:3:24)
    at _next (E:\fundo-project\fundoo-notes\node_modules\@babel\runtime\helpers\asyncToGenerator.js:22:9)
    at processTicksAndRejections (node:internal/process/task_queues:96:5) 
    url - /api/v1/users/login 
    method - POST 
    IP - ::ffff:127.0.0.1
   {"timestamp":"2022-11-23T03:16:00.516Z"}
error: 
    status - 500 
    message - Error: Invalid Password
    at _callee2$ (E:\fundo-project\fundoo-notes\src\services\/user.service.js:27:13)
    at tryCatch (E:\fundo-project\fundoo-notes\node_modules\@babel\runtime\helpers\regeneratorRuntime.js:44:17)
    at Generator.<anonymous> (E:\fundo-project\fundoo-notes\node_modules\@babel\runtime\helpers\regeneratorRuntime.js:125:22)
    at Generator.next (E:\fundo-project\fundoo-notes\node_modules\@babel\runtime\helpers\regeneratorRuntime.js:69:21)
    at asyncGeneratorStep (E:\fundo-project\fundoo-notes\node_modules\@babel\runtime\helpers\asyncToGenerator.js:3:24)
    at _next (E:\fundo-project\fundoo-notes\node_modules\@babel\runtime\helpers\asyncToGenerator.js:22:9) 
    url - /api/v1/users/login 
    method - POST 
    IP - ::ffff:127.0.0.1
   {"timestamp":"2022-11-23T03:16:00.660Z"}
