info: Server started at http://localhost:4000/api/v1/ {"timestamp":"2022-11-14T18:31:58.679Z"}
info: Connected to the database. {"timestamp":"2022-11-14T18:31:58.734Z"}
info: Server started at http://localhost:4000/api/v1/ {"timestamp":"2022-11-15T03:27:28.767Z"}
info: Connected to the database. {"timestamp":"2022-11-15T03:27:28.818Z"}
error: 
    status - 500 
    message - Error: Invalid Email
    at _callee2$ (E:\fundo-project\fundoo-notes\src\services\/user.service.js:28:11)
    at tryCatch (E:\fundo-project\fundoo-notes\node_modules\@babel\runtime\helpers\regeneratorRuntime.js:44:17)
    at Generator.<anonymous> (E:\fundo-project\fundoo-notes\node_modules\@babel\runtime\helpers\regeneratorRuntime.js:125:22)
    at Generator.next (E:\fundo-project\fundoo-notes\node_modules\@babel\runtime\helpers\regeneratorRuntime.js:69:21)
    at asyncGeneratorStep (E:\fundo-project\fundoo-notes\node_modules\@babel\runtime\helpers\asyncToGenerator.js:3:24)
    at _next (E:\fundo-project\fundoo-notes\node_modules\@babel\runtime\helpers\asyncToGenerator.js:22:9)
    at processTicksAndRejections (node:internal/process/task_queues:96:5) 
    url - /api/v1/users/login 
    method - POST 
    IP - ::1
   {"timestamp":"2022-11-15T03:27:59.353Z"}
error: 
    status - 500 
    message - Error: Invalid Password
    at _callee2$ (E:\fundo-project\fundoo-notes\src\services\/user.service.js:24:13)
    at tryCatch (E:\fundo-project\fundoo-notes\node_modules\@babel\runtime\helpers\regeneratorRuntime.js:44:17)
    at Generator.<anonymous> (E:\fundo-project\fundoo-notes\node_modules\@babel\runtime\helpers\regeneratorRuntime.js:125:22)
    at Generator.next (E:\fundo-project\fundoo-notes\node_modules\@babel\runtime\helpers\regeneratorRuntime.js:69:21)
    at asyncGeneratorStep (E:\fundo-project\fundoo-notes\node_modules\@babel\runtime\helpers\asyncToGenerator.js:3:24)
    at _next (E:\fundo-project\fundoo-notes\node_modules\@babel\runtime\helpers\asyncToGenerator.js:22:9) 
    url - /api/v1/users/login 
    method - POST 
    IP - ::1
   {"timestamp":"2022-11-15T03:28:07.812Z"}
